2025-03-26 19:20:03,741 INFO autoreload Watching for file changes with StatReloader
2025-03-26 19:22:02,767 INFO autoreload Watching for file changes with StatReloader
2025-03-26 19:22:05,658 WARNING log Not Found: /
2025-03-26 19:22:05,658 WARNING basehttp "GET / HTTP/1.1" 404 2541
2025-03-26 19:22:05,692 WARNING log Not Found: /favicon.ico
2025-03-26 19:22:05,693 INFO basehttp - Broken pipe from ('127.0.0.1', 63525)
2025-03-26 19:22:14,599 INFO basehttp "GET /swagger/ HTTP/1.1" 200 2211
2025-03-26 19:22:14,637 INFO basehttp "GET /static/drf-yasg/swagger-ui-dist/swagger-ui-bundle.js HTTP/1.1" 304 0
2025-03-26 19:22:14,640 INFO basehttp "GET /static/drf-yasg/swagger-ui-init.js HTTP/1.1" 304 0
2025-03-26 19:22:14,642 INFO basehttp "GET /static/drf-yasg/swagger-ui-dist/swagger-ui-standalone-preset.js HTTP/1.1" 304 0
2025-03-26 19:22:14,642 INFO basehttp "GET /static/drf-yasg/insQ.min.js HTTP/1.1" 304 0
2025-03-26 19:22:14,643 INFO basehttp "GET /static/drf-yasg/immutable.min.js HTTP/1.1" 304 0
2025-03-26 19:22:14,729 INFO basehttp "GET /static/drf-yasg/style.css HTTP/1.1" 200 1047
2025-03-26 19:22:14,732 INFO basehttp "GET /static/drf-yasg/swagger-ui-dist/swagger-ui.css HTTP/1.1" 200 145206
2025-03-26 19:22:14,783 INFO basehttp - Broken pipe from ('127.0.0.1', 63539)
2025-03-26 19:22:14,819 INFO basehttp "GET /swagger/?format=openapi HTTP/1.1" 200 6194
2025-03-26 21:37:23,451 INFO utils Письмо успешно отправлено на shishka-danil@mail.com для registration
2025-03-26 21:38:40,286 INFO utils Письмо успешно отправлено на shishka-danil@mail.ru для registration
2025-03-26 21:45:21,976 INFO utils Письмо успешно отправлено на shishka-danil@mail.ru для registration
2025-03-26 21:45:29,520 INFO tasks Отправка email с параметрами: email=shishka-danil@mail.com, code=123456, purpose=registration
2025-03-26 21:45:30,224 INFO utils Письмо успешно отправлено на shishka-danil@mail.com для registration
2025-03-26 21:45:30,224 INFO tasks Email успешно отправлен: shishka-danil@mail.com для registration
2025-03-26 21:46:02,326 INFO tasks Отправка email с параметрами: email=shishka-danil@mail.com, code=123456, purpose=registration
2025-03-26 21:46:04,109 INFO utils Письмо успешно отправлено на shishka-danil@mail.com для registration
2025-03-26 21:46:04,110 INFO tasks Email успешно отправлен: shishka-danil@mail.com для registration
2025-03-26 21:46:53,995 INFO tasks Отправка email с параметрами: email=shishka-danil@mail.com, code=123456, purpose=registration
2025-03-26 21:46:54,582 INFO utils Письмо успешно отправлено на shishka-danil@mail.com для registration
2025-03-26 21:46:54,582 INFO tasks Email успешно отправлен: shishka-danil@mail.com для registration
2025-03-26 21:47:08,916 INFO tasks Отправка email с параметрами: email=shishka-danil@mail.ru, code=123456, purpose=registration
2025-03-26 21:47:09,482 INFO utils Письмо успешно отправлено на shishka-danil@mail.ru для registration
2025-03-26 21:47:09,482 INFO tasks Email успешно отправлен: shishka-danil@mail.ru для registration
2025-03-26 21:50:10,471 INFO tasks Отправка email с параметрами: email=shishka-danil@mail.ru, code=123456, purpose=registration
2025-03-26 21:50:11,143 INFO utils Письмо успешно отправлено на shishka-danil@mail.ru для registration
2025-03-26 21:50:11,143 INFO tasks Email успешно отправлен: shishka-danil@mail.ru для registration
2025-03-26 21:54:57,238 INFO tasks Получено в Celery: 123
2025-03-26 21:56:10,179 INFO tasks Получено в Celery: 123
2025-03-26 22:00:54,164 INFO tasks Получено в Celery: 123
2025-03-26 22:02:18,986 INFO tasks Получено в Celery: 123
2025-03-26 22:09:07,878 INFO tasks Получено в Celery: 123
2025-03-26 22:09:39,069 INFO tasks Получено в Celery: 123
2025-03-26 22:15:11,210 INFO tasks Получено в Celery: 123
2025-03-26 22:16:17,956 INFO tasks Получено в Celery: 123
2025-03-26 22:17:04,078 INFO tasks Получено в Celery: 123
2025-03-26 22:19:44,227 INFO tasks Удалено 5 просроченных кодов подтверждения
2025-03-26 22:20:05,423 INFO tasks Получено в Celery: 123
2025-03-26 22:20:11,055 INFO tasks Получено в Celery: 123
2025-03-26 22:20:14,720 INFO tasks Получено в Celery: 123
2025-03-26 22:20:27,049 INFO tasks Получено в Celery: 123
2025-03-26 22:20:27,259 INFO tasks Получено в Celery: 123
2025-03-26 22:20:27,496 INFO tasks Получено в Celery: 123
2025-03-26 22:20:29,639 INFO tasks Получено в Celery: 123
2025-03-26 22:20:29,839 INFO tasks Получено в Celery: 123
2025-03-26 22:20:30,062 INFO tasks Получено в Celery: 123
2025-03-26 22:20:30,278 INFO tasks Получено в Celery: 123
2025-03-26 22:22:33,345 INFO tasks Отправка email с параметрами: email=shishka-danil@mail.ru, code=758417, purpose=registration
2025-03-26 22:22:34,238 INFO utils Письмо успешно отправлено на shishka-danil@mail.ru для registration
2025-03-26 22:22:34,238 INFO tasks Email успешно отправлен: shishka-danil@mail.ru для registration
2025-03-26 22:24:25,572 INFO tasks Удалено 0 просроченных кодов подтверждения
2025-03-26 22:29:25,583 INFO tasks Удалено 0 просроченных кодов подтверждения
2025-03-26 22:34:25,571 INFO tasks Удалено 0 просроченных кодов подтверждения
2025-03-26 22:39:25,574 INFO tasks Удалено 0 просроченных кодов подтверждения
2025-03-26 22:44:25,572 INFO tasks Удалено 0 просроченных кодов подтверждения
2025-03-26 22:49:25,571 INFO tasks Удалено 0 просроченных кодов подтверждения
2025-03-26 22:54:25,572 INFO tasks Удалено 0 просроченных кодов подтверждения
2025-03-26 22:59:25,570 INFO tasks Удалено 0 просроченных кодов подтверждения
2025-03-26 23:04:25,588 INFO tasks Удалено 0 просроченных кодов подтверждения
2025-03-26 23:09:27,333 INFO tasks Удалено 0 просроченных кодов подтверждения
2025-03-26 23:14:27,314 INFO tasks Удалено 0 просроченных кодов подтверждения
2025-03-26 23:19:27,314 INFO tasks Удалено 0 просроченных кодов подтверждения
2025-03-26 23:24:27,327 INFO tasks Удалено 0 просроченных кодов подтверждения
2025-03-26 23:26:55,402 INFO tasks Отправка email с параметрами: email=shishka-danil@mail.ru, code=982161, purpose=registration
2025-03-26 23:26:56,424 INFO utils Письмо успешно отправлено на shishka-danil@mail.ru для registration
2025-03-26 23:26:56,424 INFO tasks Email успешно отправлен: shishka-danil@mail.ru для registration
2025-03-26 23:29:27,316 INFO tasks Удалено 0 просроченных кодов подтверждения
2025-03-26 23:34:27,315 INFO tasks Удалено 0 просроченных кодов подтверждения
2025-03-26 23:34:28,054 INFO tasks Отправка email с параметрами: email=shishka-danil@mail.ru, code=268564, purpose=registration
2025-03-26 23:34:28,731 INFO utils Письмо успешно отправлено на shishka-danil@mail.ru для registration
2025-03-26 23:34:28,732 INFO tasks Email успешно отправлен: shishka-danil@mail.ru для registration
2025-03-26 23:36:43,681 INFO tasks Отправка email с параметрами: email=shishka-danil@mail.ru, code=350711, purpose=registration
2025-03-26 23:36:44,417 INFO utils Письмо успешно отправлено на shishka-danil@mail.ru для registration
2025-03-26 23:36:44,417 INFO tasks Email успешно отправлен: shishka-danil@mail.ru для registration
2025-03-26 23:38:37,745 INFO tasks Отправка email с параметрами: email=shishka-danil@mail.ru, code=396077, purpose=registration
2025-03-26 23:38:38,316 INFO utils Письмо успешно отправлено на shishka-danil@mail.ru для registration
2025-03-26 23:38:38,317 INFO tasks Email успешно отправлен: shishka-danil@mail.ru для registration
2025-03-26 23:39:27,314 INFO tasks Удалено 0 просроченных кодов подтверждения
2025-03-26 23:41:22,596 INFO tasks Отправка email с параметрами: email=shishka-danil@mail.ru, code=403392, purpose=registration
2025-03-26 23:41:23,145 INFO utils Письмо успешно отправлено на shishka-danil@mail.ru для registration
2025-03-26 23:41:23,146 INFO tasks Email успешно отправлен: shishka-danil@mail.ru для registration
2025-03-26 23:44:27,314 INFO tasks Удалено 0 просроченных кодов подтверждения
2025-03-26 23:49:27,321 INFO tasks Удалено 0 просроченных кодов подтверждения
2025-03-26 23:54:27,342 INFO tasks Удалено 0 просроченных кодов подтверждения
2025-03-26 23:59:27,322 INFO tasks Удалено 0 просроченных кодов подтверждения
2025-03-27 00:04:27,320 INFO tasks Удалено 0 просроченных кодов подтверждения
2025-03-27 00:09:27,322 INFO tasks Удалено 0 просроченных кодов подтверждения
2025-03-27 00:14:27,321 INFO tasks Удалено 0 просроченных кодов подтверждения
2025-03-27 00:19:27,319 INFO tasks Удалено 0 просроченных кодов подтверждения
2025-03-27 00:24:27,335 INFO tasks Удалено 0 просроченных кодов подтверждения
2025-03-27 00:29:27,323 INFO tasks Удалено 0 просроченных кодов подтверждения
2025-03-27 00:34:27,326 INFO tasks Удалено 0 просроченных кодов подтверждения
2025-03-27 00:39:27,322 INFO tasks Удалено 0 просроченных кодов подтверждения
2025-03-27 00:44:27,340 INFO tasks Удалено 0 просроченных кодов подтверждения
2025-03-27 00:49:27,331 INFO tasks Удалено 0 просроченных кодов подтверждения
2025-03-27 00:54:27,332 INFO tasks Удалено 0 просроченных кодов подтверждения
2025-03-27 00:59:27,348 INFO tasks Удалено 0 просроченных кодов подтверждения
2025-03-27 01:04:27,332 INFO tasks Удалено 0 просроченных кодов подтверждения
2025-03-27 01:09:27,332 INFO tasks Удалено 0 просроченных кодов подтверждения
2025-03-27 01:14:27,334 INFO tasks Удалено 0 просроченных кодов подтверждения
2025-03-27 01:19:27,338 INFO tasks Удалено 0 просроченных кодов подтверждения
2025-03-27 01:24:27,340 INFO tasks Удалено 0 просроченных кодов подтверждения
2025-03-27 01:29:27,335 INFO tasks Удалено 0 просроченных кодов подтверждения
2025-03-27 01:34:27,334 INFO tasks Удалено 0 просроченных кодов подтверждения
2025-03-27 01:39:27,344 INFO tasks Удалено 0 просроченных кодов подтверждения
2025-03-27 01:44:27,334 INFO tasks Удалено 0 просроченных кодов подтверждения
2025-03-27 01:49:27,339 INFO tasks Удалено 0 просроченных кодов подтверждения
2025-03-27 01:54:27,340 INFO tasks Удалено 0 просроченных кодов подтверждения
2025-03-27 01:59:27,338 INFO tasks Удалено 0 просроченных кодов подтверждения
2025-03-27 02:04:27,360 INFO tasks Удалено 0 просроченных кодов подтверждения
2025-03-27 02:09:27,339 INFO tasks Удалено 0 просроченных кодов подтверждения
2025-03-27 02:14:27,344 INFO tasks Удалено 0 просроченных кодов подтверждения
2025-03-27 02:19:27,349 INFO tasks Удалено 0 просроченных кодов подтверждения
2025-03-27 02:24:27,347 INFO tasks Удалено 0 просроченных кодов подтверждения
2025-03-27 02:29:27,378 INFO tasks Удалено 0 просроченных кодов подтверждения
2025-03-27 02:34:27,359 INFO tasks Удалено 0 просроченных кодов подтверждения
2025-03-27 02:39:27,360 INFO tasks Удалено 0 просроченных кодов подтверждения
2025-03-27 02:44:27,362 INFO tasks Удалено 0 просроченных кодов подтверждения
2025-03-27 02:49:27,361 INFO tasks Удалено 0 просроченных кодов подтверждения
2025-03-27 02:54:27,382 INFO tasks Удалено 0 просроченных кодов подтверждения
2025-03-27 02:59:27,362 INFO tasks Удалено 0 просроченных кодов подтверждения
2025-03-27 14:36:12,185 INFO tasks Удалено 0 просроченных кодов подтверждения
2025-03-27 14:41:12,190 INFO tasks Удалено 0 просроченных кодов подтверждения
2025-03-27 14:46:12,200 INFO tasks Удалено 0 просроченных кодов подтверждения
2025-03-27 14:51:12,194 INFO tasks Удалено 0 просроченных кодов подтверждения
2025-03-27 14:56:12,213 INFO tasks Удалено 0 просроченных кодов подтверждения
2025-03-27 15:01:12,207 INFO tasks Удалено 0 просроченных кодов подтверждения
2025-03-27 15:06:12,199 INFO tasks Удалено 0 просроченных кодов подтверждения
2025-03-27 15:11:12,214 INFO tasks Удалено 0 просроченных кодов подтверждения
2025-03-27 15:16:12,202 INFO tasks Удалено 0 просроченных кодов подтверждения
2025-03-27 15:21:12,205 INFO tasks Удалено 0 просроченных кодов подтверждения
2025-03-27 15:26:12,204 INFO tasks Удалено 0 просроченных кодов подтверждения
2025-03-27 15:31:12,204 INFO tasks Удалено 0 просроченных кодов подтверждения
2025-03-27 15:36:12,205 INFO tasks Удалено 0 просроченных кодов подтверждения
2025-03-27 15:41:12,207 INFO tasks Удалено 0 просроченных кодов подтверждения
2025-03-27 15:46:12,207 INFO tasks Удалено 0 просроченных кодов подтверждения
2025-03-27 15:51:12,206 INFO tasks Удалено 0 просроченных кодов подтверждения
2025-03-27 15:56:12,213 INFO tasks Удалено 0 просроченных кодов подтверждения
2025-03-27 16:01:12,208 INFO tasks Удалено 0 просроченных кодов подтверждения
2025-03-27 16:06:12,206 INFO tasks Удалено 0 просроченных кодов подтверждения
2025-03-27 16:11:12,209 INFO tasks Удалено 0 просроченных кодов подтверждения
2025-03-27 16:16:12,211 INFO tasks Удалено 0 просроченных кодов подтверждения
2025-03-27 16:21:12,209 INFO tasks Удалено 0 просроченных кодов подтверждения
2025-03-27 16:26:12,210 INFO tasks Удалено 0 просроченных кодов подтверждения
2025-03-27 16:31:12,211 INFO tasks Удалено 0 просроченных кодов подтверждения
2025-03-27 16:36:12,211 INFO tasks Удалено 0 просроченных кодов подтверждения
2025-03-27 16:41:12,216 INFO tasks Удалено 0 просроченных кодов подтверждения
2025-03-27 16:46:12,217 INFO tasks Удалено 0 просроченных кодов подтверждения
2025-03-27 16:51:12,214 INFO tasks Удалено 0 просроченных кодов подтверждения
2025-03-27 16:56:12,234 INFO tasks Удалено 0 просроченных кодов подтверждения
2025-03-27 17:01:12,232 INFO tasks Удалено 0 просроченных кодов подтверждения
2025-03-27 17:06:12,227 INFO tasks Удалено 0 просроченных кодов подтверждения
2025-03-27 17:11:12,224 INFO tasks Удалено 0 просроченных кодов подтверждения
2025-03-27 17:16:12,229 INFO tasks Удалено 0 просроченных кодов подтверждения
2025-03-27 17:21:12,228 INFO tasks Удалено 0 просроченных кодов подтверждения
2025-03-27 17:26:12,232 INFO tasks Удалено 0 просроченных кодов подтверждения
2025-03-27 17:31:12,235 INFO tasks Удалено 0 просроченных кодов подтверждения
2025-03-27 17:36:12,230 INFO tasks Удалено 0 просроченных кодов подтверждения
2025-03-27 17:41:12,248 INFO tasks Удалено 0 просроченных кодов подтверждения
2025-03-27 17:46:12,243 INFO tasks Удалено 0 просроченных кодов подтверждения
2025-03-27 17:51:12,229 INFO tasks Удалено 0 просроченных кодов подтверждения
2025-03-27 17:56:12,234 INFO tasks Удалено 0 просроченных кодов подтверждения
2025-03-27 18:01:12,253 INFO tasks Удалено 0 просроченных кодов подтверждения
2025-03-27 18:06:12,232 INFO tasks Удалено 0 просроченных кодов подтверждения
2025-03-27 18:11:12,238 INFO tasks Удалено 0 просроченных кодов подтверждения
2025-03-27 18:16:12,244 INFO tasks Удалено 0 просроченных кодов подтверждения
2025-03-27 18:21:12,239 INFO tasks Удалено 0 просроченных кодов подтверждения
2025-03-27 18:26:12,240 INFO tasks Удалено 0 просроченных кодов подтверждения
2025-03-27 18:31:12,269 INFO tasks Удалено 0 просроченных кодов подтверждения
2025-03-27 18:36:12,268 INFO tasks Удалено 0 просроченных кодов подтверждения
2025-03-27 18:41:12,252 INFO tasks Удалено 0 просроченных кодов подтверждения
2025-03-27 18:46:12,262 INFO tasks Удалено 0 просроченных кодов подтверждения
2025-03-27 18:51:12,256 INFO tasks Удалено 0 просроченных кодов подтверждения
2025-03-27 18:56:12,278 INFO tasks Удалено 0 просроченных кодов подтверждения
2025-03-27 19:01:12,264 INFO tasks Удалено 0 просроченных кодов подтверждения
2025-03-27 19:06:12,257 INFO tasks Удалено 0 просроченных кодов подтверждения
2025-03-27 19:11:12,256 INFO tasks Удалено 0 просроченных кодов подтверждения
2025-03-27 19:16:12,266 INFO tasks Удалено 0 просроченных кодов подтверждения
2025-03-27 19:21:12,262 INFO tasks Удалено 0 просроченных кодов подтверждения
2025-03-27 19:26:12,257 INFO tasks Удалено 0 просроченных кодов подтверждения
2025-03-27 19:31:12,262 INFO tasks Удалено 0 просроченных кодов подтверждения
2025-03-27 19:36:12,258 INFO tasks Удалено 0 просроченных кодов подтверждения
2025-03-27 19:41:12,263 INFO tasks Удалено 0 просроченных кодов подтверждения
2025-03-27 19:46:12,266 INFO tasks Удалено 0 просроченных кодов подтверждения
2025-03-27 19:51:12,273 INFO tasks Удалено 0 просроченных кодов подтверждения
2025-03-27 19:56:12,276 INFO tasks Удалено 0 просроченных кодов подтверждения
2025-03-27 20:01:12,276 INFO tasks Удалено 0 просроченных кодов подтверждения
2025-03-27 20:06:12,279 INFO tasks Удалено 0 просроченных кодов подтверждения
2025-03-27 20:11:12,274 INFO tasks Удалено 0 просроченных кодов подтверждения
2025-03-27 20:16:12,271 INFO tasks Удалено 0 просроченных кодов подтверждения
2025-03-27 20:21:12,273 INFO tasks Удалено 0 просроченных кодов подтверждения
2025-03-27 20:26:12,282 INFO tasks Удалено 0 просроченных кодов подтверждения
2025-03-27 20:31:12,280 INFO tasks Удалено 0 просроченных кодов подтверждения
2025-03-27 20:36:12,275 INFO tasks Удалено 0 просроченных кодов подтверждения
2025-03-27 20:41:12,281 INFO tasks Удалено 0 просроченных кодов подтверждения
2025-03-27 20:46:12,281 INFO tasks Удалено 0 просроченных кодов подтверждения
2025-03-27 20:51:12,277 INFO tasks Удалено 0 просроченных кодов подтверждения
2025-03-27 20:56:12,276 INFO tasks Удалено 0 просроченных кодов подтверждения
2025-03-27 21:01:12,275 INFO tasks Удалено 0 просроченных кодов подтверждения
2025-03-27 21:06:12,284 INFO tasks Удалено 0 просроченных кодов подтверждения
2025-03-27 21:11:12,273 INFO tasks Удалено 0 просроченных кодов подтверждения
2025-03-27 21:16:12,274 INFO tasks Удалено 0 просроченных кодов подтверждения
2025-03-27 21:21:12,276 INFO tasks Удалено 0 просроченных кодов подтверждения
2025-03-27 21:26:12,277 INFO tasks Удалено 0 просроченных кодов подтверждения
2025-03-27 21:31:12,277 INFO tasks Удалено 0 просроченных кодов подтверждения
2025-03-27 21:36:12,276 INFO tasks Удалено 0 просроченных кодов подтверждения
2025-03-27 21:41:12,287 INFO tasks Удалено 0 просроченных кодов подтверждения
2025-03-27 21:46:12,284 INFO tasks Удалено 0 просроченных кодов подтверждения
2025-03-27 21:51:12,280 INFO tasks Удалено 0 просроченных кодов подтверждения
2025-03-27 21:56:12,281 INFO tasks Удалено 0 просроченных кодов подтверждения
2025-03-27 22:01:12,301 INFO tasks Удалено 0 просроченных кодов подтверждения
2025-03-27 22:06:12,288 INFO tasks Удалено 0 просроченных кодов подтверждения
2025-03-27 22:11:12,280 INFO tasks Удалено 0 просроченных кодов подтверждения
2025-03-27 22:16:12,292 INFO tasks Удалено 0 просроченных кодов подтверждения
2025-03-27 22:21:12,292 INFO tasks Удалено 0 просроченных кодов подтверждения
2025-03-27 22:26:12,284 INFO tasks Удалено 0 просроченных кодов подтверждения
2025-03-27 22:31:12,290 INFO tasks Удалено 0 просроченных кодов подтверждения
2025-03-27 22:36:12,294 INFO tasks Удалено 0 просроченных кодов подтверждения
2025-03-27 22:41:12,292 INFO tasks Удалено 0 просроченных кодов подтверждения
2025-03-27 22:46:12,291 INFO tasks Удалено 0 просроченных кодов подтверждения
2025-03-27 22:51:12,296 INFO tasks Удалено 0 просроченных кодов подтверждения
2025-03-27 22:56:12,294 INFO tasks Удалено 0 просроченных кодов подтверждения
2025-03-27 23:01:12,296 INFO tasks Удалено 0 просроченных кодов подтверждения
2025-03-27 23:06:12,298 INFO tasks Удалено 0 просроченных кодов подтверждения
2025-03-27 23:11:12,319 INFO tasks Удалено 0 просроченных кодов подтверждения
2025-03-27 23:16:12,309 INFO tasks Удалено 0 просроченных кодов подтверждения
2025-03-27 23:21:12,305 INFO tasks Удалено 0 просроченных кодов подтверждения
2025-03-27 23:26:12,305 INFO tasks Удалено 0 просроченных кодов подтверждения
2025-03-27 23:31:12,307 INFO tasks Удалено 0 просроченных кодов подтверждения
2025-03-27 23:36:12,311 INFO tasks Удалено 0 просроченных кодов подтверждения
2025-03-27 23:41:12,305 INFO tasks Удалено 0 просроченных кодов подтверждения
2025-03-27 23:46:12,318 INFO tasks Удалено 0 просроченных кодов подтверждения
2025-03-27 23:51:12,311 INFO tasks Удалено 0 просроченных кодов подтверждения
2025-03-27 23:56:12,316 INFO tasks Удалено 0 просроченных кодов подтверждения
2025-03-28 00:01:12,312 INFO tasks Удалено 0 просроченных кодов подтверждения
2025-03-28 00:06:12,313 INFO tasks Удалено 0 просроченных кодов подтверждения
2025-03-28 00:11:12,309 INFO tasks Удалено 0 просроченных кодов подтверждения
2025-03-28 00:16:12,312 INFO tasks Удалено 0 просроченных кодов подтверждения
2025-03-28 00:21:12,314 INFO tasks Удалено 0 просроченных кодов подтверждения
2025-03-28 00:26:12,316 INFO tasks Удалено 0 просроченных кодов подтверждения
2025-03-28 00:31:12,312 INFO tasks Удалено 0 просроченных кодов подтверждения
2025-03-28 00:36:12,328 INFO tasks Удалено 0 просроченных кодов подтверждения
2025-03-28 00:41:12,330 INFO tasks Удалено 0 просроченных кодов подтверждения
2025-03-28 00:46:12,329 INFO tasks Удалено 0 просроченных кодов подтверждения
2025-03-28 00:51:12,322 INFO tasks Удалено 0 просроченных кодов подтверждения
2025-03-28 00:56:12,321 INFO tasks Удалено 0 просроченных кодов подтверждения
2025-03-28 01:01:12,319 INFO tasks Удалено 0 просроченных кодов подтверждения
2025-03-28 01:06:12,321 INFO tasks Удалено 0 просроченных кодов подтверждения
2025-03-28 01:11:12,321 INFO tasks Удалено 0 просроченных кодов подтверждения
2025-03-28 01:16:12,329 INFO tasks Удалено 0 просроченных кодов подтверждения
2025-03-28 01:21:12,324 INFO tasks Удалено 0 просроченных кодов подтверждения
2025-03-28 01:26:12,329 INFO tasks Удалено 0 просроченных кодов подтверждения
2025-03-28 01:31:12,323 INFO tasks Удалено 0 просроченных кодов подтверждения
2025-03-28 01:36:12,330 INFO tasks Удалено 0 просроченных кодов подтверждения
2025-03-28 01:41:12,324 INFO tasks Удалено 0 просроченных кодов подтверждения
2025-03-28 01:46:12,325 INFO tasks Удалено 0 просроченных кодов подтверждения
2025-03-28 01:51:12,331 INFO tasks Удалено 0 просроченных кодов подтверждения
2025-03-28 01:56:12,327 INFO tasks Удалено 0 просроченных кодов подтверждения
2025-03-28 02:01:12,325 INFO tasks Удалено 0 просроченных кодов подтверждения
2025-03-28 02:06:12,326 INFO tasks Удалено 0 просроченных кодов подтверждения
2025-03-28 02:11:12,333 INFO tasks Удалено 0 просроченных кодов подтверждения
2025-03-28 02:16:12,336 INFO tasks Удалено 0 просроченных кодов подтверждения
2025-03-28 02:21:12,352 INFO tasks Удалено 0 просроченных кодов подтверждения
2025-03-28 02:26:12,346 INFO tasks Удалено 0 просроченных кодов подтверждения
2025-03-28 02:31:12,343 INFO tasks Удалено 0 просроченных кодов подтверждения
2025-03-28 02:36:12,343 INFO tasks Удалено 0 просроченных кодов подтверждения
2025-03-28 02:41:12,356 INFO tasks Удалено 0 просроченных кодов подтверждения
2025-03-28 02:46:12,351 INFO tasks Удалено 0 просроченных кодов подтверждения
2025-03-28 02:51:12,343 INFO tasks Удалено 0 просроченных кодов подтверждения
2025-03-28 02:56:12,343 INFO tasks Удалено 0 просроченных кодов подтверждения
2025-03-28 03:01:12,357 INFO tasks Удалено 0 просроченных кодов подтверждения
2025-03-28 03:06:12,346 INFO tasks Удалено 0 просроченных кодов подтверждения
2025-03-28 03:11:12,348 INFO tasks Удалено 0 просроченных кодов подтверждения
2025-03-28 03:16:12,359 INFO tasks Удалено 0 просроченных кодов подтверждения
2025-03-28 03:21:12,353 INFO tasks Удалено 0 просроченных кодов подтверждения
2025-03-28 03:26:12,359 INFO tasks Удалено 0 просроченных кодов подтверждения
2025-03-28 03:31:12,354 INFO tasks Удалено 0 просроченных кодов подтверждения
2025-03-28 03:36:12,370 INFO tasks Удалено 0 просроченных кодов подтверждения
2025-03-28 03:41:12,352 INFO tasks Удалено 0 просроченных кодов подтверждения
2025-03-28 03:46:12,356 INFO tasks Удалено 0 просроченных кодов подтверждения
2025-03-28 03:51:12,376 INFO tasks Удалено 0 просроченных кодов подтверждения
2025-03-28 03:56:12,369 INFO tasks Удалено 0 просроченных кодов подтверждения
2025-03-28 04:01:12,362 INFO tasks Удалено 0 просроченных кодов подтверждения
2025-03-28 04:06:12,368 INFO tasks Удалено 0 просроченных кодов подтверждения
2025-03-28 04:11:12,373 INFO tasks Удалено 0 просроченных кодов подтверждения
2025-03-28 04:16:12,388 INFO tasks Удалено 0 просроченных кодов подтверждения
2025-03-28 04:21:12,369 INFO tasks Удалено 0 просроченных кодов подтверждения
2025-03-28 04:26:12,376 INFO tasks Удалено 0 просроченных кодов подтверждения
2025-03-28 04:31:12,390 INFO tasks Удалено 0 просроченных кодов подтверждения
2025-03-28 04:36:12,386 INFO tasks Удалено 0 просроченных кодов подтверждения
2025-03-28 04:41:12,383 INFO tasks Удалено 0 просроченных кодов подтверждения
2025-03-28 04:46:12,384 INFO tasks Удалено 0 просроченных кодов подтверждения
2025-03-28 12:46:47,866 INFO tasks Удалено 0 просроченных кодов подтверждения
2025-03-28 12:51:47,871 INFO tasks Удалено 0 просроченных кодов подтверждения
2025-03-28 12:56:47,871 INFO tasks Удалено 0 просроченных кодов подтверждения
2025-03-28 13:01:47,972 INFO tasks Удалено 0 просроченных кодов подтверждения
2025-03-28 13:06:47,879 INFO tasks Удалено 0 просроченных кодов подтверждения
2025-03-28 13:11:47,895 INFO tasks Удалено 0 просроченных кодов подтверждения
2025-03-28 13:16:47,877 INFO tasks Удалено 0 просроченных кодов подтверждения
2025-03-28 13:21:47,877 INFO tasks Удалено 0 просроченных кодов подтверждения
2025-03-28 13:26:47,879 INFO tasks Удалено 0 просроченных кодов подтверждения
2025-03-28 13:31:47,905 INFO tasks Удалено 0 просроченных кодов подтверждения
2025-03-28 13:36:47,893 INFO tasks Удалено 0 просроченных кодов подтверждения
2025-03-28 13:41:47,883 INFO tasks Удалено 0 просроченных кодов подтверждения
2025-03-28 13:46:47,905 INFO tasks Удалено 0 просроченных кодов подтверждения
2025-03-28 13:51:47,914 INFO tasks Удалено 0 просроченных кодов подтверждения
2025-03-28 13:56:47,908 INFO tasks Удалено 0 просроченных кодов подтверждения
2025-03-28 14:01:47,909 INFO tasks Удалено 0 просроченных кодов подтверждения
2025-03-28 14:06:47,908 INFO tasks Удалено 0 просроченных кодов подтверждения
2025-03-28 14:11:47,925 INFO tasks Удалено 0 просроченных кодов подтверждения
2025-03-28 14:16:47,918 INFO tasks Удалено 0 просроченных кодов подтверждения
2025-03-28 14:21:47,931 INFO tasks Удалено 0 просроченных кодов подтверждения
2025-03-28 14:26:47,945 INFO tasks Удалено 0 просроченных кодов подтверждения
2025-03-28 14:31:47,952 INFO tasks Удалено 0 просроченных кодов подтверждения
2025-03-28 14:36:47,958 INFO tasks Удалено 0 просроченных кодов подтверждения
2025-03-28 14:41:47,957 INFO tasks Удалено 0 просроченных кодов подтверждения
2025-03-28 18:18:34,652 INFO tasks Удалено 0 просроченных кодов подтверждения
2025-03-28 18:23:34,661 INFO tasks Удалено 0 просроченных кодов подтверждения
2025-03-28 18:28:34,675 INFO tasks Удалено 0 просроченных кодов подтверждения
2025-03-28 18:33:34,666 INFO tasks Удалено 0 просроченных кодов подтверждения
2025-03-28 18:38:34,662 INFO tasks Удалено 0 просроченных кодов подтверждения
2025-03-28 18:43:34,661 INFO tasks Удалено 0 просроченных кодов подтверждения
2025-03-28 18:48:34,673 INFO tasks Удалено 0 просроченных кодов подтверждения
2025-03-28 18:53:34,675 INFO tasks Удалено 0 просроченных кодов подтверждения
2025-03-28 18:58:34,671 INFO tasks Удалено 0 просроченных кодов подтверждения
2025-03-28 19:03:34,676 INFO tasks Удалено 0 просроченных кодов подтверждения
2025-03-28 19:08:34,674 INFO tasks Удалено 0 просроченных кодов подтверждения
2025-03-28 19:13:34,675 INFO tasks Удалено 0 просроченных кодов подтверждения
2025-03-28 19:18:34,675 INFO tasks Удалено 0 просроченных кодов подтверждения
2025-03-28 19:23:34,674 INFO tasks Удалено 0 просроченных кодов подтверждения
2025-03-28 19:28:34,685 INFO tasks Удалено 0 просроченных кодов подтверждения
2025-03-28 19:33:34,682 INFO tasks Удалено 0 просроченных кодов подтверждения
2025-03-28 19:38:34,677 INFO tasks Удалено 0 просроченных кодов подтверждения
2025-03-28 19:43:34,676 INFO tasks Удалено 0 просроченных кодов подтверждения
2025-03-28 19:48:34,682 INFO tasks Удалено 0 просроченных кодов подтверждения
2025-03-28 19:53:34,695 INFO tasks Удалено 0 просроченных кодов подтверждения
2025-03-28 19:58:34,687 INFO tasks Удалено 0 просроченных кодов подтверждения
2025-03-28 20:03:34,685 INFO tasks Удалено 0 просроченных кодов подтверждения
2025-03-28 20:08:34,699 INFO tasks Удалено 0 просроченных кодов подтверждения
2025-03-28 20:13:34,693 INFO tasks Удалено 0 просроченных кодов подтверждения
2025-03-28 20:18:34,689 INFO tasks Удалено 0 просроченных кодов подтверждения
2025-03-28 20:23:34,691 INFO tasks Удалено 0 просроченных кодов подтверждения
2025-03-28 20:28:34,695 INFO tasks Удалено 0 просроченных кодов подтверждения
2025-03-28 20:33:34,689 INFO tasks Удалено 0 просроченных кодов подтверждения
2025-03-28 20:38:34,689 INFO tasks Удалено 0 просроченных кодов подтверждения
2025-03-28 20:43:34,689 INFO tasks Удалено 0 просроченных кодов подтверждения
2025-03-28 20:48:34,690 INFO tasks Удалено 0 просроченных кодов подтверждения
2025-03-28 20:53:34,692 INFO tasks Удалено 0 просроченных кодов подтверждения
2025-03-28 20:58:34,692 INFO tasks Удалено 0 просроченных кодов подтверждения
2025-03-28 21:03:34,693 INFO tasks Удалено 0 просроченных кодов подтверждения
2025-03-28 21:08:34,694 INFO tasks Удалено 0 просроченных кодов подтверждения
2025-03-28 21:13:34,697 INFO tasks Удалено 0 просроченных кодов подтверждения
2025-03-28 21:18:34,693 INFO tasks Удалено 0 просроченных кодов подтверждения
2025-03-28 21:23:34,697 INFO tasks Удалено 0 просроченных кодов подтверждения
2025-03-28 21:28:34,698 INFO tasks Удалено 0 просроченных кодов подтверждения
2025-03-28 21:33:34,699 INFO tasks Удалено 0 просроченных кодов подтверждения
2025-03-28 21:38:34,696 INFO tasks Удалено 0 просроченных кодов подтверждения
2025-03-28 21:43:34,695 INFO tasks Удалено 0 просроченных кодов подтверждения
2025-03-28 21:48:34,696 INFO tasks Удалено 0 просроченных кодов подтверждения
2025-03-28 21:53:34,699 INFO tasks Удалено 0 просроченных кодов подтверждения
2025-03-28 21:58:34,726 INFO tasks Удалено 0 просроченных кодов подтверждения
2025-03-28 22:03:34,702 INFO tasks Удалено 0 просроченных кодов подтверждения
2025-03-28 22:08:34,796 INFO tasks Удалено 0 просроченных кодов подтверждения
2025-03-28 22:13:34,744 INFO tasks Удалено 0 просроченных кодов подтверждения
2025-03-28 22:18:34,742 INFO tasks Удалено 0 просроченных кодов подтверждения
2025-03-28 22:23:34,744 INFO tasks Удалено 0 просроченных кодов подтверждения
2025-03-28 22:28:34,743 INFO tasks Удалено 0 просроченных кодов подтверждения
2025-03-28 22:33:34,749 INFO tasks Удалено 0 просроченных кодов подтверждения
2025-03-28 22:38:34,749 INFO tasks Удалено 0 просроченных кодов подтверждения
2025-03-28 22:43:34,758 INFO tasks Удалено 0 просроченных кодов подтверждения
2025-03-28 22:48:34,746 INFO tasks Удалено 0 просроченных кодов подтверждения
2025-03-28 22:53:34,746 INFO tasks Удалено 0 просроченных кодов подтверждения
2025-03-28 22:58:34,745 INFO tasks Удалено 0 просроченных кодов подтверждения
2025-03-28 23:03:34,745 INFO tasks Удалено 0 просроченных кодов подтверждения
2025-03-28 23:08:34,747 INFO tasks Удалено 0 просроченных кодов подтверждения
2025-03-28 23:13:34,766 INFO tasks Удалено 0 просроченных кодов подтверждения
2025-03-28 23:18:34,751 INFO tasks Удалено 0 просроченных кодов подтверждения
2025-03-28 23:23:34,748 INFO tasks Удалено 0 просроченных кодов подтверждения
2025-03-28 23:28:34,980 INFO tasks Удалено 0 просроченных кодов подтверждения
2025-03-28 23:33:34,950 INFO tasks Удалено 0 просроченных кодов подтверждения
2025-03-28 23:38:34,960 INFO tasks Удалено 0 просроченных кодов подтверждения
2025-03-28 23:43:34,958 INFO tasks Удалено 0 просроченных кодов подтверждения
2025-03-28 23:48:34,955 INFO tasks Удалено 0 просроченных кодов подтверждения
2025-03-28 23:53:34,983 INFO tasks Удалено 0 просроченных кодов подтверждения
2025-03-28 23:57:10,674 INFO tasks Отправка email с параметрами: email=shishka-danil@mail.ru, code=103539, purpose=registration
2025-03-28 23:57:11,937 INFO utils Письмо успешно отправлено на shishka-danil@mail.ru для registration
2025-03-28 23:57:11,944 INFO tasks Email успешно отправлен: shishka-danil@mail.ru для registration
2025-03-28 23:58:34,964 INFO tasks Удалено 0 просроченных кодов подтверждения
2025-03-29 00:01:38,192 INFO tasks Отправка email с параметрами: email=shishka-danil1@mail.ru, code=344526, purpose=registration
2025-03-29 00:01:39,003 INFO utils Письмо успешно отправлено на shishka-danil1@mail.ru для registration
2025-03-29 00:01:39,004 INFO tasks Email успешно отправлен: shishka-danil1@mail.ru для registration
2025-03-29 00:03:34,963 INFO tasks Удалено 0 просроченных кодов подтверждения
2025-03-29 00:08:34,963 INFO tasks Удалено 0 просроченных кодов подтверждения
2025-03-29 00:13:34,974 INFO tasks Удалено 1 просроченных кодов подтверждения
2025-03-29 00:18:34,964 INFO tasks Удалено 0 просроченных кодов подтверждения
2025-03-29 00:22:55,929 INFO tasks Отправка email с параметрами: email=shishka-danil@outlook.com, code=796100, purpose=registration
2025-03-29 00:22:56,784 INFO utils Письмо успешно отправлено на shishka-danil@outlook.com для registration
2025-03-29 00:22:56,785 INFO tasks Email успешно отправлен: shishka-danil@outlook.com для registration
2025-03-29 00:23:34,962 INFO tasks Удалено 0 просроченных кодов подтверждения
2025-03-29 00:28:34,977 INFO tasks Удалено 0 просроченных кодов подтверждения
2025-03-29 00:33:34,970 INFO tasks Удалено 0 просроченных кодов подтверждения
2025-03-29 00:38:34,972 INFO tasks Удалено 0 просроченных кодов подтверждения
2025-03-29 00:39:09,742 INFO tasks Отправка email с параметрами: email=shishka-danil@outlook.ru, code=539798, purpose=registration
2025-03-29 00:39:10,588 INFO utils Письмо успешно отправлено на shishka-danil@outlook.ru для registration
2025-03-29 00:39:10,588 INFO tasks Email успешно отправлен: shishka-danil@outlook.ru для registration
2025-03-29 00:43:34,983 INFO tasks Удалено 0 просроченных кодов подтверждения
2025-03-29 00:48:34,985 INFO tasks Удалено 0 просроченных кодов подтверждения
2025-03-29 00:53:34,982 INFO tasks Удалено 1 просроченных кодов подтверждения
2025-03-29 00:58:34,993 INFO tasks Удалено 0 просроченных кодов подтверждения
2025-03-29 01:03:34,992 INFO tasks Удалено 0 просроченных кодов подтверждения
2025-03-29 01:08:34,991 INFO tasks Удалено 0 просроченных кодов подтверждения
2025-03-29 01:13:34,990 INFO tasks Удалено 0 просроченных кодов подтверждения
2025-03-29 01:18:34,996 INFO tasks Удалено 0 просроченных кодов подтверждения
2025-03-29 01:23:34,993 INFO tasks Удалено 0 просроченных кодов подтверждения
2025-03-29 01:28:34,991 INFO tasks Удалено 0 просроченных кодов подтверждения
2025-03-29 01:33:34,993 INFO tasks Удалено 0 просроченных кодов подтверждения
2025-03-29 01:38:34,993 INFO tasks Удалено 0 просроченных кодов подтверждения
2025-03-29 01:43:34,991 INFO tasks Удалено 0 просроченных кодов подтверждения
2025-03-29 01:48:34,991 INFO tasks Удалено 0 просроченных кодов подтверждения
2025-03-29 01:53:35,008 INFO tasks Удалено 0 просроченных кодов подтверждения
2025-03-29 01:58:35,000 INFO tasks Удалено 0 просроченных кодов подтверждения
2025-03-29 02:03:34,996 INFO tasks Удалено 0 просроченных кодов подтверждения
2025-03-29 02:08:35,001 INFO tasks Удалено 0 просроченных кодов подтверждения
2025-03-29 02:13:34,994 INFO tasks Удалено 0 просроченных кодов подтверждения
2025-03-29 02:14:24,115 INFO tasks Отправка email с параметрами: email=shishka-danil@outlook.coco, code=464955, purpose=registration
2025-03-29 02:14:25,268 INFO utils Письмо успешно отправлено на shishka-danil@outlook.coco для registration
2025-03-29 02:14:25,268 INFO tasks Email успешно отправлен: shishka-danil@outlook.coco для registration
2025-03-29 02:18:35,008 INFO tasks Удалено 0 просроченных кодов подтверждения
2025-03-29 02:23:35,030 INFO tasks Удалено 0 просроченных кодов подтверждения
2025-03-29 02:27:49,366 INFO tasks Отправка email с параметрами: email=shishka-danil@coco.coco, code=588076, purpose=registration
2025-03-29 02:27:50,054 INFO utils Письмо успешно отправлено на shishka-danil@coco.coco для registration
2025-03-29 02:27:50,054 INFO tasks Email успешно отправлен: shishka-danil@coco.coco для registration
2025-03-29 02:27:53,900 INFO tasks Отправка email с параметрами: email=shishka-danil@coco.coco, code=388820, purpose=registration
2025-03-29 02:27:54,657 INFO utils Письмо успешно отправлено на shishka-danil@coco.coco для registration
2025-03-29 02:27:54,657 INFO tasks Email успешно отправлен: shishka-danil@coco.coco для registration
2025-03-29 02:28:35,024 INFO tasks Удалено 0 просроченных кодов подтверждения
2025-03-29 02:33:35,012 INFO tasks Удалено 0 просроченных кодов подтверждения
2025-03-29 02:38:35,034 INFO tasks Удалён неактивированный аккаунт пользователя shishka-danil@outlook.coco после очистки кодов.
2025-03-29 02:38:35,035 INFO tasks Удалено 2 просроченных кодов подтверждения
2025-03-29 02:43:35,011 INFO tasks Удалено 0 просроченных кодов подтверждения
2025-03-29 02:48:35,054 INFO tasks Удалён неактивированный аккаунт пользователя shishka-danil@coco.coco после очистки кодов.
2025-03-29 02:48:35,054 INFO tasks Удалено 1 просроченных кодов подтверждения
2025-03-29 02:53:35,025 INFO tasks Удалено 0 просроченных кодов подтверждения
2025-03-29 02:58:35,028 INFO tasks Удалено 0 просроченных кодов подтверждения
2025-03-29 03:03:35,035 INFO tasks Удалено 0 просроченных кодов подтверждения
2025-03-29 15:03:00,578 INFO tasks Удалено 0 просроченных кодов подтверждения
2025-03-29 15:08:00,576 INFO tasks Удалено 0 просроченных кодов подтверждения
2025-03-29 15:13:00,579 INFO tasks Удалено 0 просроченных кодов подтверждения
2025-03-29 15:18:00,585 INFO tasks Удалено 0 просроченных кодов подтверждения
2025-03-29 15:23:00,583 INFO tasks Удалено 0 просроченных кодов подтверждения
2025-03-29 15:28:00,581 INFO tasks Удалено 0 просроченных кодов подтверждения
2025-03-29 15:33:00,589 INFO tasks Удалено 0 просроченных кодов подтверждения
2025-03-29 15:38:00,585 INFO tasks Удалено 0 просроченных кодов подтверждения
2025-03-29 15:43:00,585 INFO tasks Удалено 0 просроченных кодов подтверждения
2025-03-29 15:48:00,586 INFO tasks Удалено 0 просроченных кодов подтверждения
2025-03-29 15:53:00,589 INFO tasks Удалено 0 просроченных кодов подтверждения
2025-03-29 15:58:00,584 INFO tasks Удалено 0 просроченных кодов подтверждения
2025-03-29 16:03:00,587 INFO tasks Удалено 0 просроченных кодов подтверждения
2025-03-29 16:08:00,586 INFO tasks Удалено 0 просроченных кодов подтверждения
2025-03-29 16:13:00,597 INFO tasks Удалено 0 просроченных кодов подтверждения
2025-03-29 16:18:00,588 INFO tasks Удалено 0 просроченных кодов подтверждения
2025-03-29 16:23:00,591 INFO tasks Удалено 0 просроченных кодов подтверждения
2025-03-29 16:28:00,589 INFO tasks Удалено 0 просроченных кодов подтверждения
2025-03-29 16:33:00,598 INFO tasks Удалено 0 просроченных кодов подтверждения
2025-03-29 16:38:00,595 INFO tasks Удалено 0 просроченных кодов подтверждения
2025-03-29 16:43:00,596 INFO tasks Удалено 0 просроченных кодов подтверждения
2025-03-29 16:48:00,596 INFO tasks Удалено 0 просроченных кодов подтверждения
2025-03-29 16:53:00,595 INFO tasks Удалено 0 просроченных кодов подтверждения
2025-03-29 16:58:00,609 INFO tasks Удалено 0 просроченных кодов подтверждения
2025-03-29 17:03:00,598 INFO tasks Удалено 0 просроченных кодов подтверждения
2025-03-29 17:08:00,599 INFO tasks Удалено 0 просроченных кодов подтверждения
2025-03-29 17:13:00,599 INFO tasks Удалено 0 просроченных кодов подтверждения
2025-03-29 17:18:00,598 INFO tasks Удалено 0 просроченных кодов подтверждения
2025-03-29 17:23:00,598 INFO tasks Удалено 0 просроченных кодов подтверждения
2025-03-29 17:28:00,642 INFO tasks Удалено 0 просроченных кодов подтверждения
2025-03-29 17:33:00,604 INFO tasks Удалено 0 просроченных кодов подтверждения
2025-03-29 17:38:00,604 INFO tasks Удалено 0 просроченных кодов подтверждения
2025-03-29 17:43:00,606 INFO tasks Удалено 0 просроченных кодов подтверждения
2025-03-29 17:48:00,628 INFO tasks Удалено 0 просроченных кодов подтверждения
2025-03-29 17:53:00,611 INFO tasks Удалено 0 просроченных кодов подтверждения
2025-03-29 17:58:00,607 INFO tasks Удалено 0 просроченных кодов подтверждения
2025-03-29 18:03:00,607 INFO tasks Удалено 0 просроченных кодов подтверждения
2025-03-29 18:08:00,608 INFO tasks Удалено 0 просроченных кодов подтверждения
2025-03-29 18:13:00,610 INFO tasks Удалено 0 просроченных кодов подтверждения
2025-03-29 18:18:00,620 INFO tasks Удалено 0 просроченных кодов подтверждения
2025-03-29 18:23:00,618 INFO tasks Удалено 0 просроченных кодов подтверждения
2025-03-29 18:28:00,618 INFO tasks Удалено 0 просроченных кодов подтверждения
2025-03-29 18:33:00,627 INFO tasks Удалено 0 просроченных кодов подтверждения
2025-03-29 18:38:00,633 INFO tasks Удалено 0 просроченных кодов подтверждения
2025-03-29 18:43:00,642 INFO tasks Удалено 0 просроченных кодов подтверждения
2025-03-29 18:48:00,628 INFO tasks Удалено 0 просроченных кодов подтверждения
2025-03-29 18:53:00,642 INFO tasks Удалено 0 просроченных кодов подтверждения
2025-03-29 18:58:00,631 INFO tasks Удалено 0 просроченных кодов подтверждения
2025-03-29 19:03:00,632 INFO tasks Удалено 0 просроченных кодов подтверждения
2025-03-29 19:08:00,634 INFO tasks Удалено 0 просроченных кодов подтверждения
2025-03-29 19:13:00,635 INFO tasks Удалено 0 просроченных кодов подтверждения
2025-03-29 19:18:00,636 INFO tasks Удалено 0 просроченных кодов подтверждения
2025-03-29 19:23:00,634 INFO tasks Удалено 0 просроченных кодов подтверждения
2025-03-29 19:28:00,638 INFO tasks Удалено 0 просроченных кодов подтверждения
2025-03-29 19:33:00,638 INFO tasks Удалено 0 просроченных кодов подтверждения
2025-03-29 19:38:00,637 INFO tasks Удалено 0 просроченных кодов подтверждения
2025-03-29 19:43:00,655 INFO tasks Удалено 0 просроченных кодов подтверждения
2025-03-29 19:48:00,650 INFO tasks Удалено 0 просроченных кодов подтверждения
2025-03-29 19:53:00,651 INFO tasks Удалено 0 просроченных кодов подтверждения
2025-03-29 19:58:00,647 INFO tasks Удалено 0 просроченных кодов подтверждения
2025-03-29 20:03:00,665 INFO tasks Удалено 0 просроченных кодов подтверждения
2025-03-29 20:08:00,657 INFO tasks Удалено 0 просроченных кодов подтверждения
2025-03-29 20:13:00,653 INFO tasks Удалено 0 просроченных кодов подтверждения
2025-03-29 20:18:00,657 INFO tasks Удалено 0 просроченных кодов подтверждения
2025-03-29 20:23:00,653 INFO tasks Удалено 0 просроченных кодов подтверждения
2025-03-29 20:28:00,665 INFO tasks Удалено 0 просроченных кодов подтверждения
2025-03-29 20:33:00,658 INFO tasks Удалено 0 просроченных кодов подтверждения
2025-03-29 20:38:00,658 INFO tasks Удалено 0 просроченных кодов подтверждения
2025-03-29 20:43:00,658 INFO tasks Удалено 0 просроченных кодов подтверждения
2025-03-29 20:48:00,655 INFO tasks Удалено 0 просроченных кодов подтверждения
2025-03-29 20:53:00,657 INFO tasks Удалено 0 просроченных кодов подтверждения
2025-03-29 20:58:00,660 INFO tasks Удалено 0 просроченных кодов подтверждения
2025-03-29 21:03:00,662 INFO tasks Удалено 0 просроченных кодов подтверждения
2025-03-29 21:08:00,662 INFO tasks Удалено 0 просроченных кодов подтверждения
2025-03-29 21:13:00,658 INFO tasks Удалено 0 просроченных кодов подтверждения
2025-03-29 21:18:00,658 INFO tasks Удалено 0 просроченных кодов подтверждения
2025-03-29 21:23:00,662 INFO tasks Удалено 0 просроченных кодов подтверждения
2025-03-29 21:28:00,663 INFO tasks Удалено 0 просроченных кодов подтверждения
2025-03-29 21:33:00,664 INFO tasks Удалено 0 просроченных кодов подтверждения
2025-03-29 21:38:00,665 INFO tasks Удалено 0 просроченных кодов подтверждения
2025-03-29 21:43:00,665 INFO tasks Удалено 0 просроченных кодов подтверждения
2025-03-29 21:48:00,668 INFO tasks Удалено 0 просроченных кодов подтверждения
2025-03-29 21:53:00,676 INFO tasks Удалено 0 просроченных кодов подтверждения
2025-03-29 21:58:00,676 INFO tasks Удалено 0 просроченных кодов подтверждения
2025-03-29 22:03:00,673 INFO tasks Удалено 0 просроченных кодов подтверждения
2025-03-29 22:08:00,671 INFO tasks Удалено 0 просроченных кодов подтверждения
2025-03-29 22:13:00,671 INFO tasks Удалено 0 просроченных кодов подтверждения
2025-03-29 22:18:00,673 INFO tasks Удалено 0 просроченных кодов подтверждения
2025-03-29 22:23:00,675 INFO tasks Удалено 0 просроченных кодов подтверждения
2025-03-29 22:28:00,688 INFO tasks Удалено 0 просроченных кодов подтверждения
2025-03-29 22:33:00,680 INFO tasks Удалено 0 просроченных кодов подтверждения
2025-03-29 22:38:00,680 INFO tasks Удалено 0 просроченных кодов подтверждения
2025-03-29 22:43:00,682 INFO tasks Удалено 0 просроченных кодов подтверждения
2025-03-29 22:48:00,683 INFO tasks Удалено 0 просроченных кодов подтверждения
2025-03-29 22:53:00,682 INFO tasks Удалено 0 просроченных кодов подтверждения
2025-03-29 22:58:00,687 INFO tasks Удалено 0 просроченных кодов подтверждения
2025-03-29 23:03:00,695 INFO tasks Удалено 0 просроченных кодов подтверждения
2025-03-29 23:08:00,692 INFO tasks Удалено 0 просроченных кодов подтверждения
2025-03-29 23:13:00,691 INFO tasks Удалено 0 просроченных кодов подтверждения
2025-03-29 23:18:00,691 INFO tasks Удалено 0 просроченных кодов подтверждения
2025-03-29 23:23:00,698 INFO tasks Удалено 0 просроченных кодов подтверждения
2025-03-29 23:28:00,690 INFO tasks Удалено 0 просроченных кодов подтверждения
2025-03-29 23:33:00,697 INFO tasks Удалено 0 просроченных кодов подтверждения
2025-03-29 23:38:00,695 INFO tasks Удалено 0 просроченных кодов подтверждения
2025-03-29 23:43:00,697 INFO tasks Удалено 0 просроченных кодов подтверждения
2025-03-29 23:48:00,695 INFO tasks Удалено 0 просроченных кодов подтверждения
2025-03-29 23:53:00,693 INFO tasks Удалено 0 просроченных кодов подтверждения
2025-03-29 23:58:00,693 INFO tasks Удалено 0 просроченных кодов подтверждения
2025-03-30 00:03:00,712 INFO tasks Удалено 0 просроченных кодов подтверждения
2025-03-30 00:08:00,707 INFO tasks Удалено 0 просроченных кодов подтверждения
2025-03-30 00:13:00,711 INFO tasks Удалено 0 просроченных кодов подтверждения
2025-03-30 00:18:00,708 INFO tasks Удалено 0 просроченных кодов подтверждения
2025-03-30 00:23:00,701 INFO tasks Удалено 0 просроченных кодов подтверждения
2025-03-30 00:28:00,703 INFO tasks Удалено 0 просроченных кодов подтверждения
2025-03-30 00:33:00,723 INFO tasks Удалено 0 просроченных кодов подтверждения
2025-03-30 00:38:00,703 INFO tasks Удалено 0 просроченных кодов подтверждения
2025-03-30 00:43:00,702 INFO tasks Удалено 0 просроченных кодов подтверждения
2025-03-30 00:48:00,702 INFO tasks Удалено 0 просроченных кодов подтверждения
2025-03-30 00:53:00,710 INFO tasks Удалено 0 просроченных кодов подтверждения
2025-03-30 00:58:00,729 INFO tasks Удалено 0 просроченных кодов подтверждения
2025-03-30 01:03:00,709 INFO tasks Удалено 0 просроченных кодов подтверждения
2025-03-30 01:08:00,709 INFO tasks Удалено 0 просроченных кодов подтверждения
2025-03-30 01:13:00,745 INFO tasks Удалено 0 просроченных кодов подтверждения
2025-03-30 01:18:00,725 INFO tasks Удалено 0 просроченных кодов подтверждения
2025-03-30 01:23:00,724 INFO tasks Удалено 0 просроченных кодов подтверждения
2025-03-30 01:28:00,732 INFO tasks Удалено 0 просроченных кодов подтверждения
2025-03-30 01:33:00,733 INFO tasks Удалено 0 просроченных кодов подтверждения
2025-03-30 01:38:00,729 INFO tasks Удалено 0 просроченных кодов подтверждения
2025-03-30 01:43:00,735 INFO tasks Удалено 0 просроченных кодов подтверждения
2025-03-30 01:48:00,728 INFO tasks Удалено 0 просроченных кодов подтверждения
2025-03-30 01:53:00,735 INFO tasks Удалено 0 просроченных кодов подтверждения
2025-03-30 01:58:00,753 INFO tasks Удалено 0 просроченных кодов подтверждения
2025-03-30 02:03:00,736 INFO tasks Удалено 0 просроченных кодов подтверждения
2025-03-30 02:08:00,734 INFO tasks Удалено 0 просроченных кодов подтверждения
2025-03-30 02:13:00,732 INFO tasks Удалено 0 просроченных кодов подтверждения
2025-03-30 02:18:00,762 INFO tasks Удалено 0 просроченных кодов подтверждения
2025-03-30 02:23:00,747 INFO tasks Удалено 0 просроченных кодов подтверждения
2025-03-30 02:28:00,740 INFO tasks Удалено 0 просроченных кодов подтверждения
2025-03-30 02:33:00,748 INFO tasks Удалено 0 просроченных кодов подтверждения
2025-03-30 02:38:00,741 INFO tasks Удалено 0 просроченных кодов подтверждения
2025-03-30 02:43:00,750 INFO tasks Удалено 0 просроченных кодов подтверждения
2025-03-30 02:48:00,745 INFO tasks Удалено 0 просроченных кодов подтверждения
2025-03-30 02:53:00,769 INFO tasks Удалено 0 просроченных кодов подтверждения
2025-03-30 02:58:00,747 INFO tasks Удалено 0 просроченных кодов подтверждения
2025-03-30 03:03:00,751 INFO tasks Удалено 0 просроченных кодов подтверждения
2025-03-30 03:08:00,752 INFO tasks Удалено 0 просроченных кодов подтверждения
2025-03-30 03:13:00,752 INFO tasks Удалено 0 просроченных кодов подтверждения
2025-03-30 03:18:00,755 INFO tasks Удалено 0 просроченных кодов подтверждения
2025-03-30 14:54:24,277 INFO tasks Удалено 0 просроченных кодов подтверждения
2025-03-30 14:59:24,278 INFO tasks Удалено 0 просроченных кодов подтверждения
2025-03-30 15:04:24,280 INFO tasks Удалено 0 просроченных кодов подтверждения
2025-03-30 15:09:24,282 INFO tasks Удалено 0 просроченных кодов подтверждения
2025-03-30 15:14:24,283 INFO tasks Удалено 0 просроченных кодов подтверждения
2025-03-30 15:19:24,287 INFO tasks Удалено 0 просроченных кодов подтверждения
2025-03-30 15:24:24,282 INFO tasks Удалено 0 просроченных кодов подтверждения
2025-03-30 15:29:24,317 INFO tasks Удалено 0 просроченных кодов подтверждения
2025-03-30 15:34:24,323 INFO tasks Удалено 0 просроченных кодов подтверждения
2025-03-30 15:39:24,314 INFO tasks Удалено 0 просроченных кодов подтверждения
2025-03-30 15:44:24,315 INFO tasks Удалено 0 просроченных кодов подтверждения
2025-03-30 15:49:24,308 INFO tasks Удалено 0 просроченных кодов подтверждения
2025-03-30 15:54:24,304 INFO tasks Удалено 0 просроченных кодов подтверждения
2025-03-30 15:59:24,323 INFO tasks Удалено 0 просроченных кодов подтверждения
2025-03-30 16:04:24,306 INFO tasks Удалено 0 просроченных кодов подтверждения
2025-03-30 16:09:24,322 INFO tasks Удалено 0 просроченных кодов подтверждения
2025-03-30 16:14:24,306 INFO tasks Удалено 0 просроченных кодов подтверждения
2025-03-30 16:19:24,307 INFO tasks Удалено 0 просроченных кодов подтверждения
2025-03-30 16:24:24,315 INFO tasks Удалено 0 просроченных кодов подтверждения
2025-03-30 16:29:24,318 INFO tasks Удалено 0 просроченных кодов подтверждения
2025-03-30 16:34:24,309 INFO tasks Удалено 0 просроченных кодов подтверждения
2025-03-30 16:39:24,324 INFO tasks Удалено 0 просроченных кодов подтверждения
2025-03-30 16:44:24,315 INFO tasks Удалено 0 просроченных кодов подтверждения
2025-03-30 16:49:24,319 INFO tasks Удалено 0 просроченных кодов подтверждения
2025-03-30 16:54:24,324 INFO tasks Удалено 0 просроченных кодов подтверждения
2025-03-30 16:59:24,386 INFO tasks Удалено 0 просроченных кодов подтверждения
2025-03-30 17:04:24,429 INFO tasks Удалено 0 просроченных кодов подтверждения
2025-03-30 17:09:24,432 INFO tasks Удалено 0 просроченных кодов подтверждения
2025-03-30 17:14:24,432 INFO tasks Удалено 0 просроченных кодов подтверждения
2025-03-30 17:19:24,430 INFO tasks Удалено 0 просроченных кодов подтверждения
2025-03-30 17:24:24,432 INFO tasks Удалено 0 просроченных кодов подтверждения
2025-03-30 17:29:24,433 INFO tasks Удалено 0 просроченных кодов подтверждения
2025-03-30 17:34:24,435 INFO tasks Удалено 0 просроченных кодов подтверждения
2025-03-30 17:39:24,437 INFO tasks Удалено 0 просроченных кодов подтверждения
2025-03-30 17:44:24,434 INFO tasks Удалено 0 просроченных кодов подтверждения
2025-03-30 17:49:24,436 INFO tasks Удалено 0 просроченных кодов подтверждения
2025-03-30 17:54:24,434 INFO tasks Удалено 0 просроченных кодов подтверждения
2025-03-30 17:59:24,444 INFO tasks Удалено 0 просроченных кодов подтверждения
2025-03-30 18:04:24,444 INFO tasks Удалено 0 просроченных кодов подтверждения
2025-03-30 18:09:24,451 INFO tasks Удалено 0 просроченных кодов подтверждения
2025-03-30 18:14:24,465 INFO tasks Удалено 0 просроченных кодов подтверждения
2025-03-30 18:19:24,451 INFO tasks Удалено 0 просроченных кодов подтверждения
2025-03-30 18:24:24,450 INFO tasks Удалено 0 просроченных кодов подтверждения
2025-03-30 18:29:24,460 INFO tasks Удалено 0 просроченных кодов подтверждения
2025-03-30 18:34:24,454 INFO tasks Удалено 0 просроченных кодов подтверждения
2025-03-30 18:39:24,456 INFO tasks Удалено 0 просроченных кодов подтверждения
2025-03-30 18:44:24,460 INFO tasks Удалено 0 просроченных кодов подтверждения
2025-03-30 18:49:24,455 INFO tasks Удалено 0 просроченных кодов подтверждения
2025-03-30 18:54:24,455 INFO tasks Удалено 0 просроченных кодов подтверждения
2025-03-30 18:59:24,453 INFO tasks Удалено 0 просроченных кодов подтверждения
2025-03-30 19:04:24,476 INFO tasks Удалено 0 просроченных кодов подтверждения
2025-03-30 19:09:24,479 INFO tasks Удалено 0 просроченных кодов подтверждения
2025-03-30 19:14:24,490 INFO tasks Удалено 0 просроченных кодов подтверждения
2025-03-30 19:19:24,479 INFO tasks Удалено 0 просроченных кодов подтверждения
2025-03-30 19:24:24,492 INFO tasks Удалено 0 просроченных кодов подтверждения
2025-03-30 19:29:24,487 INFO tasks Удалено 0 просроченных кодов подтверждения
2025-03-30 19:34:24,484 INFO tasks Удалено 0 просроченных кодов подтверждения
2025-03-30 19:39:24,482 INFO tasks Удалено 0 просроченных кодов подтверждения
2025-03-30 19:44:24,484 INFO tasks Удалено 0 просроченных кодов подтверждения
2025-03-30 19:49:24,492 INFO tasks Удалено 0 просроченных кодов подтверждения
2025-03-30 19:54:24,482 INFO tasks Удалено 0 просроченных кодов подтверждения
2025-03-30 19:59:24,489 INFO tasks Удалено 0 просроченных кодов подтверждения
2025-03-30 20:04:24,487 INFO tasks Удалено 0 просроченных кодов подтверждения
2025-03-30 20:09:24,485 INFO tasks Удалено 0 просроченных кодов подтверждения
2025-03-30 20:14:24,485 INFO tasks Удалено 0 просроченных кодов подтверждения
2025-03-30 20:19:24,485 INFO tasks Удалено 0 просроченных кодов подтверждения
2025-03-30 20:24:24,485 INFO tasks Удалено 0 просроченных кодов подтверждения
2025-03-30 20:29:24,488 INFO tasks Удалено 0 просроченных кодов подтверждения
2025-03-30 20:34:24,491 INFO tasks Удалено 0 просроченных кодов подтверждения
2025-03-30 20:39:24,490 INFO tasks Удалено 0 просроченных кодов подтверждения
2025-03-30 20:44:24,495 INFO tasks Удалено 0 просроченных кодов подтверждения
2025-03-30 20:49:24,492 INFO tasks Удалено 0 просроченных кодов подтверждения
2025-03-30 20:54:24,497 INFO tasks Удалено 0 просроченных кодов подтверждения
2025-03-30 20:59:24,503 INFO tasks Удалено 0 просроченных кодов подтверждения
2025-03-30 21:04:24,495 INFO tasks Удалено 0 просроченных кодов подтверждения
2025-03-30 21:09:24,514 INFO tasks Удалено 0 просроченных кодов подтверждения
2025-03-30 21:14:24,498 INFO tasks Удалено 0 просроченных кодов подтверждения
2025-03-30 21:19:24,512 INFO tasks Удалено 0 просроченных кодов подтверждения
2025-03-30 21:24:24,507 INFO tasks Удалено 0 просроченных кодов подтверждения
2025-03-30 21:29:24,546 INFO tasks Удалено 0 просроченных кодов подтверждения
2025-03-30 21:34:24,532 INFO tasks Удалено 0 просроченных кодов подтверждения
2025-03-30 21:39:24,524 INFO tasks Удалено 0 просроченных кодов подтверждения
2025-03-30 21:44:24,534 INFO tasks Удалено 0 просроченных кодов подтверждения
2025-03-30 21:49:24,528 INFO tasks Удалено 0 просроченных кодов подтверждения
2025-03-30 21:54:24,527 INFO tasks Удалено 0 просроченных кодов подтверждения
2025-03-30 21:59:24,524 INFO tasks Удалено 0 просроченных кодов подтверждения
2025-03-30 22:04:24,531 INFO tasks Удалено 0 просроченных кодов подтверждения
2025-03-30 22:09:24,524 INFO tasks Удалено 0 просроченных кодов подтверждения
2025-03-30 22:14:24,526 INFO tasks Удалено 0 просроченных кодов подтверждения
2025-03-30 22:19:24,535 INFO tasks Удалено 0 просроченных кодов подтверждения
2025-03-30 22:24:24,532 INFO tasks Удалено 0 просроченных кодов подтверждения
2025-03-30 22:29:24,534 INFO tasks Удалено 0 просроченных кодов подтверждения
2025-03-30 22:34:24,526 INFO tasks Удалено 0 просроченных кодов подтверждения
2025-03-30 22:39:24,536 INFO tasks Удалено 0 просроченных кодов подтверждения
2025-03-30 22:44:24,528 INFO tasks Удалено 0 просроченных кодов подтверждения
2025-03-30 22:49:24,539 INFO tasks Удалено 0 просроченных кодов подтверждения
2025-03-30 22:54:24,531 INFO tasks Удалено 0 просроченных кодов подтверждения
2025-03-30 22:59:24,535 INFO tasks Удалено 0 просроченных кодов подтверждения
2025-03-30 23:04:24,531 INFO tasks Удалено 0 просроченных кодов подтверждения
2025-03-30 23:09:24,534 INFO tasks Удалено 0 просроченных кодов подтверждения
2025-03-30 23:14:24,540 INFO tasks Удалено 0 просроченных кодов подтверждения
2025-03-30 23:19:24,534 INFO tasks Удалено 0 просроченных кодов подтверждения
2025-03-30 23:24:24,536 INFO tasks Удалено 0 просроченных кодов подтверждения
2025-03-30 23:29:24,533 INFO tasks Удалено 0 просроченных кодов подтверждения
2025-03-30 23:34:24,533 INFO tasks Удалено 0 просроченных кодов подтверждения
2025-03-30 23:39:24,531 INFO tasks Удалено 0 просроченных кодов подтверждения
2025-03-30 23:44:24,532 INFO tasks Удалено 0 просроченных кодов подтверждения
2025-03-30 23:49:24,534 INFO tasks Удалено 0 просроченных кодов подтверждения
2025-03-30 23:54:24,538 INFO tasks Удалено 0 просроченных кодов подтверждения
2025-03-30 23:59:24,537 INFO tasks Удалено 0 просроченных кодов подтверждения
2025-03-31 00:04:24,537 INFO tasks Удалено 0 просроченных кодов подтверждения
2025-03-31 00:09:24,538 INFO tasks Удалено 0 просроченных кодов подтверждения
2025-03-31 00:14:24,551 INFO tasks Удалено 0 просроченных кодов подтверждения
2025-03-31 00:19:24,538 INFO tasks Удалено 0 просроченных кодов подтверждения
2025-03-31 00:24:24,548 INFO tasks Удалено 0 просроченных кодов подтверждения
2025-03-31 00:29:24,539 INFO tasks Удалено 0 просроченных кодов подтверждения
2025-03-31 00:34:24,541 INFO tasks Удалено 0 просроченных кодов подтверждения
2025-03-31 00:39:24,539 INFO tasks Удалено 0 просроченных кодов подтверждения
2025-03-31 00:44:24,540 INFO tasks Удалено 0 просроченных кодов подтверждения
2025-03-31 00:49:24,567 INFO tasks Удалено 0 просроченных кодов подтверждения
2025-03-31 00:54:24,549 INFO tasks Удалено 0 просроченных кодов подтверждения
2025-03-31 00:59:24,547 INFO tasks Удалено 0 просроченных кодов подтверждения
2025-03-31 01:04:24,544 INFO tasks Удалено 0 просроченных кодов подтверждения
2025-03-31 01:09:24,544 INFO tasks Удалено 0 просроченных кодов подтверждения
2025-03-31 01:14:24,544 INFO tasks Удалено 0 просроченных кодов подтверждения
2025-03-31 01:19:24,548 INFO tasks Удалено 0 просроченных кодов подтверждения
2025-03-31 01:24:24,555 INFO tasks Удалено 0 просроченных кодов подтверждения
2025-03-31 01:27:20,533 INFO tasks Отправка email с параметрами: email=shishka-danil@mail.cu, code=954907, purpose=email_change
2025-03-31 01:27:22,802 INFO utils Письмо успешно отправлено на shishka-danil@mail.cu для email_change
2025-03-31 01:27:22,802 INFO tasks Email успешно отправлен: shishka-danil@mail.cu для email_change
2025-03-31 01:29:24,547 INFO tasks Удалено 0 просроченных кодов подтверждения
2025-03-31 01:34:24,548 INFO tasks Удалено 0 просроченных кодов подтверждения
2025-03-31 01:39:24,547 INFO tasks Удалено 0 просроченных кодов подтверждения
2025-03-31 01:40:37,495 INFO tasks Отправка email с параметрами: email=shishka-danil@mail.cu, code=838559, purpose=password_change
2025-03-31 01:40:38,570 INFO utils Письмо успешно отправлено на shishka-danil@mail.cu для password_change
2025-03-31 01:40:38,571 INFO tasks Email успешно отправлен: shishka-danil@mail.cu для password_change
2025-03-31 01:41:07,854 INFO tasks Отправка email с параметрами: email=shishka-danil@mail.ru, code=061854, purpose=email_change
2025-03-31 01:41:09,057 INFO utils Письмо успешно отправлено на shishka-danil@mail.ru для email_change
2025-03-31 01:41:09,058 INFO tasks Email успешно отправлен: shishka-danil@mail.ru для email_change
2025-03-31 01:42:00,582 INFO tasks Отправка email с параметрами: email=shishka-danil@mail.ru, code=970017, purpose=password_change
2025-03-31 01:42:01,609 INFO utils Письмо успешно отправлено на shishka-danil@mail.ru для password_change
2025-03-31 01:42:01,609 INFO tasks Email успешно отправлен: shishka-danil@mail.ru для password_change
2025-03-31 01:44:24,560 INFO tasks Удалено 0 просроченных кодов подтверждения
2025-03-31 01:49:24,551 INFO tasks Удалено 0 просроченных кодов подтверждения
2025-03-31 01:54:24,825 INFO tasks Удалено 1 просроченных кодов подтверждения
2025-03-31 01:59:24,655 INFO tasks Удалено 0 просроченных кодов подтверждения
2025-03-31 02:04:24,653 INFO tasks Удалено 0 просроченных кодов подтверждения
2025-03-31 02:09:24,677 INFO tasks Удалено 0 просроченных кодов подтверждения
2025-03-31 02:14:24,668 INFO tasks Удалено 0 просроченных кодов подтверждения
2025-03-31 02:19:24,669 INFO tasks Удалено 0 просроченных кодов подтверждения
2025-03-31 02:24:24,663 INFO tasks Удалено 0 просроченных кодов подтверждения
2025-03-31 02:29:24,660 INFO tasks Удалено 0 просроченных кодов подтверждения
2025-03-31 02:34:24,665 INFO tasks Удалено 0 просроченных кодов подтверждения
2025-03-31 17:55:54,747 INFO tasks Удалено 0 просроченных кодов подтверждения
2025-03-31 18:00:54,747 INFO tasks Удалено 0 просроченных кодов подтверждения
2025-03-31 18:05:54,747 INFO tasks Удалено 0 просроченных кодов подтверждения
2025-03-31 18:10:54,769 INFO tasks Удалено 0 просроченных кодов подтверждения
2025-03-31 18:15:54,757 INFO tasks Удалено 0 просроченных кодов подтверждения
2025-03-31 18:20:54,756 INFO tasks Удалено 0 просроченных кодов подтверждения
2025-03-31 18:25:54,754 INFO tasks Удалено 0 просроченных кодов подтверждения
2025-03-31 18:30:54,754 INFO tasks Удалено 0 просроченных кодов подтверждения
2025-03-31 18:35:54,758 INFO tasks Удалено 0 просроченных кодов подтверждения
2025-03-31 18:40:54,759 INFO tasks Удалено 0 просроченных кодов подтверждения
2025-03-31 18:45:54,764 INFO tasks Удалено 0 просроченных кодов подтверждения
2025-03-31 18:50:54,778 INFO tasks Удалено 0 просроченных кодов подтверждения
2025-03-31 18:55:54,779 INFO tasks Удалено 0 просроченных кодов подтверждения
2025-03-31 19:00:54,767 INFO tasks Удалено 0 просроченных кодов подтверждения
2025-03-31 19:05:54,784 INFO tasks Удалено 0 просроченных кодов подтверждения
2025-03-31 19:10:54,778 INFO tasks Удалено 0 просроченных кодов подтверждения
2025-03-31 19:15:54,769 INFO tasks Удалено 0 просроченных кодов подтверждения
2025-03-31 19:20:54,800 INFO tasks Удалено 0 просроченных кодов подтверждения
2025-03-31 19:25:54,777 INFO tasks Удалено 0 просроченных кодов подтверждения
2025-03-31 19:30:54,800 INFO tasks Удалено 0 просроченных кодов подтверждения
2025-03-31 19:35:54,805 INFO tasks Удалено 0 просроченных кодов подтверждения
2025-03-31 19:40:54,783 INFO tasks Удалено 0 просроченных кодов подтверждения
2025-03-31 19:45:54,788 INFO tasks Удалено 0 просроченных кодов подтверждения
2025-03-31 19:50:54,809 INFO tasks Удалено 0 просроченных кодов подтверждения
2025-03-31 19:55:54,786 INFO tasks Удалено 0 просроченных кодов подтверждения
2025-03-31 20:00:54,800 INFO tasks Удалено 0 просроченных кодов подтверждения
2025-03-31 20:05:54,791 INFO tasks Удалено 0 просроченных кодов подтверждения
2025-03-31 20:10:54,810 INFO tasks Удалено 0 просроченных кодов подтверждения
2025-03-31 20:15:54,797 INFO tasks Удалено 0 просроченных кодов подтверждения
2025-03-31 20:20:54,805 INFO tasks Удалено 0 просроченных кодов подтверждения
2025-03-31 20:25:56,398 INFO tasks Удалено 0 просроченных кодов подтверждения
2025-03-31 20:30:56,403 INFO tasks Удалено 0 просроченных кодов подтверждения
2025-03-31 20:35:56,402 INFO tasks Удалено 0 просроченных кодов подтверждения
2025-03-31 20:40:56,400 INFO tasks Удалено 0 просроченных кодов подтверждения
2025-03-31 20:45:56,401 INFO tasks Удалено 0 просроченных кодов подтверждения
2025-03-31 20:50:56,416 INFO tasks Удалено 0 просроченных кодов подтверждения
2025-03-31 20:55:56,402 INFO tasks Удалено 0 просроченных кодов подтверждения
2025-03-31 21:00:56,404 INFO tasks Удалено 0 просроченных кодов подтверждения
2025-03-31 21:05:56,403 INFO tasks Удалено 0 просроченных кодов подтверждения
2025-03-31 21:10:56,408 INFO tasks Удалено 0 просроченных кодов подтверждения
2025-03-31 21:15:56,419 INFO tasks Удалено 0 просроченных кодов подтверждения
2025-03-31 21:20:56,403 INFO tasks Удалено 0 просроченных кодов подтверждения
2025-03-31 21:25:56,412 INFO tasks Удалено 0 просроченных кодов подтверждения
2025-03-31 21:30:56,414 INFO tasks Удалено 0 просроченных кодов подтверждения
2025-03-31 21:35:56,407 INFO tasks Удалено 0 просроченных кодов подтверждения
2025-03-31 21:40:56,415 INFO tasks Удалено 0 просроченных кодов подтверждения
2025-03-31 21:45:56,417 INFO tasks Удалено 0 просроченных кодов подтверждения
2025-03-31 21:50:56,411 INFO tasks Удалено 0 просроченных кодов подтверждения
2025-03-31 21:55:56,416 INFO tasks Удалено 0 просроченных кодов подтверждения
2025-03-31 22:00:56,413 INFO tasks Удалено 0 просроченных кодов подтверждения
2025-03-31 22:05:56,411 INFO tasks Удалено 0 просроченных кодов подтверждения
2025-03-31 22:10:56,442 INFO tasks Удалено 0 просроченных кодов подтверждения
2025-03-31 22:15:56,416 INFO tasks Удалено 0 просроченных кодов подтверждения
2025-03-31 22:20:56,418 INFO tasks Удалено 0 просроченных кодов подтверждения
2025-03-31 22:25:56,420 INFO tasks Удалено 0 просроченных кодов подтверждения
2025-03-31 22:30:56,418 INFO tasks Удалено 0 просроченных кодов подтверждения
2025-03-31 22:35:56,419 INFO tasks Удалено 0 просроченных кодов подтверждения
2025-03-31 22:40:56,418 INFO tasks Удалено 0 просроченных кодов подтверждения
2025-03-31 22:45:56,426 INFO tasks Удалено 0 просроченных кодов подтверждения
2025-03-31 22:50:56,425 INFO tasks Удалено 0 просроченных кодов подтверждения
2025-03-31 22:55:56,424 INFO tasks Удалено 0 просроченных кодов подтверждения
2025-03-31 23:00:56,424 INFO tasks Удалено 0 просроченных кодов подтверждения
2025-03-31 23:05:56,422 INFO tasks Удалено 0 просроченных кодов подтверждения
2025-03-31 23:10:56,423 INFO tasks Удалено 0 просроченных кодов подтверждения
2025-03-31 23:15:56,427 INFO tasks Удалено 0 просроченных кодов подтверждения
2025-03-31 23:20:56,430 INFO tasks Удалено 0 просроченных кодов подтверждения
2025-03-31 23:25:56,425 INFO tasks Удалено 0 просроченных кодов подтверждения
2025-03-31 23:30:56,425 INFO tasks Удалено 0 просроченных кодов подтверждения
2025-03-31 23:35:56,427 INFO tasks Удалено 0 просроченных кодов подтверждения
2025-03-31 23:40:56,433 INFO tasks Удалено 0 просроченных кодов подтверждения
2025-03-31 23:45:56,431 INFO tasks Удалено 0 просроченных кодов подтверждения
2025-03-31 23:50:56,435 INFO tasks Удалено 0 просроченных кодов подтверждения
2025-03-31 23:55:56,431 INFO tasks Удалено 0 просроченных кодов подтверждения
2025-04-01 00:00:56,433 INFO tasks Удалено 0 просроченных кодов подтверждения
2025-04-01 00:05:56,436 INFO tasks Удалено 0 просроченных кодов подтверждения
2025-04-01 00:10:56,434 INFO tasks Удалено 0 просроченных кодов подтверждения
2025-04-01 00:15:56,431 INFO tasks Удалено 0 просроченных кодов подтверждения
2025-04-01 00:20:56,450 INFO tasks Удалено 0 просроченных кодов подтверждения
2025-04-01 00:25:56,436 INFO tasks Удалено 0 просроченных кодов подтверждения
2025-04-01 00:30:56,439 INFO tasks Удалено 0 просроченных кодов подтверждения
2025-04-01 00:35:56,440 INFO tasks Удалено 0 просроченных кодов подтверждения
2025-04-01 00:40:56,440 INFO tasks Удалено 0 просроченных кодов подтверждения
2025-04-01 00:45:56,441 INFO tasks Удалено 0 просроченных кодов подтверждения
2025-04-01 00:50:56,446 INFO tasks Удалено 0 просроченных кодов подтверждения
2025-04-01 00:55:56,440 INFO tasks Удалено 0 просроченных кодов подтверждения
2025-04-01 01:00:56,440 INFO tasks Удалено 0 просроченных кодов подтверждения
2025-04-01 01:05:56,440 INFO tasks Удалено 0 просроченных кодов подтверждения
2025-04-01 01:10:56,444 INFO tasks Удалено 0 просроченных кодов подтверждения
2025-04-01 01:15:56,448 INFO tasks Удалено 0 просроченных кодов подтверждения
2025-04-01 01:20:56,443 INFO tasks Удалено 0 просроченных кодов подтверждения
2025-04-01 01:25:56,443 INFO tasks Удалено 0 просроченных кодов подтверждения
2025-04-01 01:30:56,442 INFO tasks Удалено 0 просроченных кодов подтверждения
2025-04-01 01:35:56,442 INFO tasks Удалено 0 просроченных кодов подтверждения
2025-04-01 01:40:56,450 INFO tasks Удалено 0 просроченных кодов подтверждения
2025-04-01 01:45:56,448 INFO tasks Удалено 0 просроченных кодов подтверждения
2025-04-01 01:50:56,451 INFO tasks Удалено 0 просроченных кодов подтверждения
2025-04-01 01:55:56,447 INFO tasks Удалено 0 просроченных кодов подтверждения
2025-04-01 02:00:56,445 INFO tasks Удалено 0 просроченных кодов подтверждения
2025-04-01 02:05:56,445 INFO tasks Удалено 0 просроченных кодов подтверждения
2025-04-01 02:10:56,445 INFO tasks Удалено 0 просроченных кодов подтверждения
2025-04-01 02:15:56,449 INFO tasks Удалено 0 просроченных кодов подтверждения
2025-04-01 02:20:56,448 INFO tasks Удалено 0 просроченных кодов подтверждения
2025-04-01 02:25:56,449 INFO tasks Удалено 0 просроченных кодов подтверждения
2025-04-01 02:30:56,448 INFO tasks Удалено 0 просроченных кодов подтверждения
2025-04-01 02:35:56,448 INFO tasks Удалено 0 просроченных кодов подтверждения
2025-04-01 02:40:56,454 INFO tasks Удалено 0 просроченных кодов подтверждения
2025-04-01 02:45:56,466 INFO tasks Удалено 0 просроченных кодов подтверждения
2025-04-01 02:50:56,456 INFO tasks Удалено 0 просроченных кодов подтверждения
2025-04-01 02:55:56,451 INFO tasks Удалено 0 просроченных кодов подтверждения
2025-04-01 03:00:56,453 INFO tasks Удалено 0 просроченных кодов подтверждения
2025-04-01 03:05:56,451 INFO tasks Удалено 0 просроченных кодов подтверждения
2025-04-01 03:10:56,457 INFO tasks Удалено 0 просроченных кодов подтверждения
2025-04-01 03:15:56,453 INFO tasks Удалено 0 просроченных кодов подтверждения
2025-04-01 03:20:56,453 INFO tasks Удалено 0 просроченных кодов подтверждения
2025-04-01 03:25:56,454 INFO tasks Удалено 0 просроченных кодов подтверждения
2025-04-01 03:30:56,459 INFO tasks Удалено 0 просроченных кодов подтверждения
2025-04-01 03:35:56,453 INFO tasks Удалено 0 просроченных кодов подтверждения
2025-04-01 03:40:56,459 INFO tasks Удалено 0 просроченных кодов подтверждения
2025-04-01 20:23:16,233 INFO tasks Удалено 0 просроченных кодов подтверждения
2025-04-01 20:28:16,239 INFO tasks Удалено 0 просроченных кодов подтверждения
2025-04-01 20:33:16,238 INFO tasks Удалено 0 просроченных кодов подтверждения
2025-04-01 20:38:16,228 INFO tasks Удалено 0 просроченных кодов подтверждения
2025-04-01 20:43:16,228 INFO tasks Удалено 0 просроченных кодов подтверждения
2025-04-01 20:48:16,230 INFO tasks Удалено 0 просроченных кодов подтверждения
2025-04-01 20:53:16,228 INFO tasks Удалено 0 просроченных кодов подтверждения
2025-04-01 20:58:16,229 INFO tasks Удалено 0 просроченных кодов подтверждения
2025-04-01 21:03:16,239 INFO tasks Удалено 0 просроченных кодов подтверждения
2025-04-01 21:08:16,360 INFO tasks Удалено 0 просроченных кодов подтверждения
2025-04-01 21:13:16,249 INFO tasks Удалено 0 просроченных кодов подтверждения
2025-04-01 21:18:16,246 INFO tasks Удалено 0 просроченных кодов подтверждения
2025-04-01 21:23:16,239 INFO tasks Удалено 0 просроченных кодов подтверждения
2025-04-01 21:28:16,248 INFO tasks Удалено 0 просроченных кодов подтверждения
2025-04-01 21:33:16,253 INFO tasks Удалено 0 просроченных кодов подтверждения
2025-04-01 21:38:16,254 INFO tasks Удалено 0 просроченных кодов подтверждения
2025-04-01 21:43:16,248 INFO tasks Удалено 0 просроченных кодов подтверждения
2025-04-01 21:48:16,250 INFO tasks Удалено 0 просроченных кодов подтверждения
2025-04-01 21:53:16,248 INFO tasks Удалено 0 просроченных кодов подтверждения
2025-04-01 21:58:16,259 INFO tasks Удалено 0 просроченных кодов подтверждения
2025-04-01 22:03:16,258 INFO tasks Удалено 0 просроченных кодов подтверждения
2025-04-01 22:08:16,260 INFO tasks Удалено 0 просроченных кодов подтверждения
2025-04-01 22:13:16,265 INFO tasks Удалено 0 просроченных кодов подтверждения
2025-04-01 22:18:16,259 INFO tasks Удалено 0 просроченных кодов подтверждения
2025-04-01 22:23:16,257 INFO tasks Удалено 0 просроченных кодов подтверждения
2025-04-01 22:28:16,257 INFO tasks Удалено 0 просроченных кодов подтверждения
2025-04-01 22:33:16,257 INFO tasks Удалено 0 просроченных кодов подтверждения
2025-04-01 22:38:16,263 INFO tasks Удалено 0 просроченных кодов подтверждения
2025-04-01 22:43:16,260 INFO tasks Удалено 0 просроченных кодов подтверждения
2025-04-01 22:48:16,260 INFO tasks Удалено 0 просроченных кодов подтверждения
2025-04-01 22:53:16,261 INFO tasks Удалено 0 просроченных кодов подтверждения
2025-04-01 22:58:16,263 INFO tasks Удалено 0 просроченных кодов подтверждения
2025-04-01 23:03:16,261 INFO tasks Удалено 0 просроченных кодов подтверждения
2025-04-01 23:08:16,262 INFO tasks Удалено 0 просроченных кодов подтверждения
2025-04-01 23:13:16,266 INFO tasks Удалено 0 просроченных кодов подтверждения
2025-04-01 23:18:16,266 INFO tasks Удалено 0 просроченных кодов подтверждения
2025-04-01 23:23:16,263 INFO tasks Удалено 0 просроченных кодов подтверждения
2025-04-01 23:28:16,263 INFO tasks Удалено 0 просроченных кодов подтверждения
2025-04-01 23:33:16,264 INFO tasks Удалено 0 просроченных кодов подтверждения
2025-04-01 23:38:16,266 INFO tasks Удалено 0 просроченных кодов подтверждения
2025-04-01 23:43:16,271 INFO tasks Удалено 0 просроченных кодов подтверждения
2025-04-01 23:48:16,273 INFO tasks Удалено 0 просроченных кодов подтверждения
2025-04-01 23:53:16,271 INFO tasks Удалено 0 просроченных кодов подтверждения
2025-04-01 23:58:16,265 INFO tasks Удалено 0 просроченных кодов подтверждения
2025-04-02 00:03:16,267 INFO tasks Удалено 0 просроченных кодов подтверждения
2025-04-02 15:17:01,635 INFO tasks Удалено 0 просроченных кодов подтверждения
2025-04-02 15:22:01,633 INFO tasks Удалено 0 просроченных кодов подтверждения
2025-04-02 15:27:01,634 INFO tasks Удалено 0 просроченных кодов подтверждения
2025-04-02 15:32:01,634 INFO tasks Удалено 0 просроченных кодов подтверждения
2025-04-02 15:37:01,634 INFO tasks Удалено 0 просроченных кодов подтверждения
2025-04-02 15:42:01,635 INFO tasks Удалено 0 просроченных кодов подтверждения
2025-04-02 15:47:01,636 INFO tasks Удалено 0 просроченных кодов подтверждения
2025-04-02 15:52:01,636 INFO tasks Удалено 0 просроченных кодов подтверждения
2025-04-02 15:57:01,636 INFO tasks Удалено 0 просроченных кодов подтверждения
2025-04-02 16:02:01,636 INFO tasks Удалено 0 просроченных кодов подтверждения
2025-04-02 16:07:01,637 INFO tasks Удалено 0 просроченных кодов подтверждения
2025-04-02 16:12:01,636 INFO tasks Удалено 0 просроченных кодов подтверждения
2025-04-02 16:17:01,639 INFO tasks Удалено 0 просроченных кодов подтверждения
2025-04-02 16:22:01,639 INFO tasks Удалено 0 просроченных кодов подтверждения
2025-04-02 16:27:01,639 INFO tasks Удалено 0 просроченных кодов подтверждения
2025-04-02 16:32:01,640 INFO tasks Удалено 0 просроченных кодов подтверждения
2025-04-02 16:37:01,638 INFO tasks Удалено 0 просроченных кодов подтверждения
2025-04-02 16:42:01,641 INFO tasks Удалено 0 просроченных кодов подтверждения
2025-04-02 16:47:01,643 INFO tasks Удалено 0 просроченных кодов подтверждения
2025-04-02 16:52:01,649 INFO tasks Удалено 0 просроченных кодов подтверждения
2025-04-02 16:57:01,643 INFO tasks Удалено 0 просроченных кодов подтверждения
2025-04-02 17:02:01,642 INFO tasks Удалено 0 просроченных кодов подтверждения
2025-04-02 17:07:01,651 INFO tasks Удалено 0 просроченных кодов подтверждения
2025-04-02 17:12:01,643 INFO tasks Удалено 0 просроченных кодов подтверждения
2025-04-02 17:17:01,646 INFO tasks Удалено 0 просроченных кодов подтверждения
2025-04-02 17:22:01,646 INFO tasks Удалено 0 просроченных кодов подтверждения
2025-04-02 17:27:01,646 INFO tasks Удалено 0 просроченных кодов подтверждения
2025-04-02 17:32:01,653 INFO tasks Удалено 0 просроченных кодов подтверждения
2025-04-02 17:37:01,645 INFO tasks Удалено 0 просроченных кодов подтверждения
2025-04-02 17:42:01,646 INFO tasks Удалено 0 просроченных кодов подтверждения
2025-04-02 17:47:01,645 INFO tasks Удалено 0 просроченных кодов подтверждения
2025-04-02 17:52:01,649 INFO tasks Удалено 0 просроченных кодов подтверждения
2025-04-02 17:57:01,653 INFO tasks Удалено 0 просроченных кодов подтверждения
2025-04-02 18:02:01,648 INFO tasks Удалено 0 просроченных кодов подтверждения
2025-04-02 18:07:01,648 INFO tasks Удалено 0 просроченных кодов подтверждения
2025-04-02 18:12:01,648 INFO tasks Удалено 0 просроченных кодов подтверждения
2025-04-02 18:17:01,649 INFO tasks Удалено 0 просроченных кодов подтверждения
2025-04-02 18:22:01,651 INFO tasks Удалено 0 просроченных кодов подтверждения
2025-04-02 18:27:01,659 INFO tasks Удалено 0 просроченных кодов подтверждения
2025-04-02 18:32:01,659 INFO tasks Удалено 0 просроченных кодов подтверждения
2025-04-02 18:37:01,652 INFO tasks Удалено 0 просроченных кодов подтверждения
2025-04-02 18:42:01,652 INFO tasks Удалено 0 просроченных кодов подтверждения
2025-04-02 18:47:01,653 INFO tasks Удалено 0 просроченных кодов подтверждения
2025-04-02 18:52:01,654 INFO tasks Удалено 0 просроченных кодов подтверждения
2025-04-02 18:57:01,656 INFO tasks Удалено 0 просроченных кодов подтверждения
2025-04-02 19:02:01,655 INFO tasks Удалено 0 просроченных кодов подтверждения
2025-04-02 19:07:01,655 INFO tasks Удалено 0 просроченных кодов подтверждения
2025-04-02 19:12:01,664 INFO tasks Удалено 0 просроченных кодов подтверждения
2025-04-02 19:17:01,656 INFO tasks Удалено 0 просроченных кодов подтверждения
2025-04-02 19:22:01,658 INFO tasks Удалено 0 просроченных кодов подтверждения
2025-04-02 19:27:01,658 INFO tasks Удалено 0 просроченных кодов подтверждения
2025-04-02 19:32:01,660 INFO tasks Удалено 0 просроченных кодов подтверждения
2025-04-02 19:37:01,657 INFO tasks Удалено 0 просроченных кодов подтверждения
2025-04-02 19:42:01,659 INFO tasks Удалено 0 просроченных кодов подтверждения
2025-04-02 19:47:01,660 INFO tasks Удалено 0 просроченных кодов подтверждения
2025-04-02 19:52:01,660 INFO tasks Удалено 0 просроченных кодов подтверждения
2025-04-02 19:57:01,660 INFO tasks Удалено 0 просроченных кодов подтверждения
2025-04-02 20:02:01,663 INFO tasks Удалено 0 просроченных кодов подтверждения
2025-04-02 20:07:01,662 INFO tasks Удалено 0 просроченных кодов подтверждения
2025-04-02 20:12:01,661 INFO tasks Удалено 0 просроченных кодов подтверждения
2025-04-02 20:17:01,662 INFO tasks Удалено 0 просроченных кодов подтверждения
2025-04-02 20:22:01,666 INFO tasks Удалено 0 просроченных кодов подтверждения
2025-04-02 20:27:01,668 INFO tasks Удалено 0 просроченных кодов подтверждения
2025-04-02 20:32:01,666 INFO tasks Удалено 0 просроченных кодов подтверждения
2025-04-02 20:37:01,668 INFO tasks Удалено 0 просроченных кодов подтверждения
2025-04-02 20:42:01,668 INFO tasks Удалено 0 просроченных кодов подтверждения
2025-04-02 20:47:01,678 INFO tasks Удалено 0 просроченных кодов подтверждения
2025-04-02 20:52:01,677 INFO tasks Удалено 0 просроченных кодов подтверждения
2025-04-02 20:57:01,672 INFO tasks Удалено 0 просроченных кодов подтверждения
2025-04-02 21:02:01,674 INFO tasks Удалено 0 просроченных кодов подтверждения
2025-04-02 21:07:01,670 INFO tasks Удалено 0 просроченных кодов подтверждения
2025-04-02 21:12:01,670 INFO tasks Удалено 0 просроченных кодов подтверждения
2025-04-02 21:17:01,674 INFO tasks Удалено 0 просроченных кодов подтверждения
2025-04-02 21:22:01,674 INFO tasks Удалено 0 просроченных кодов подтверждения
2025-04-02 21:27:01,681 INFO tasks Удалено 0 просроченных кодов подтверждения
2025-04-02 21:32:01,673 INFO tasks Удалено 0 просроченных кодов подтверждения
2025-04-02 21:37:01,674 INFO tasks Удалено 0 просроченных кодов подтверждения
2025-04-02 21:42:01,674 INFO tasks Удалено 0 просроченных кодов подтверждения
2025-04-02 21:47:01,675 INFO tasks Удалено 0 просроченных кодов подтверждения
2025-04-02 21:52:01,675 INFO tasks Удалено 0 просроченных кодов подтверждения
2025-04-02 21:57:01,679 INFO tasks Удалено 0 просроченных кодов подтверждения
2025-04-02 22:02:01,675 INFO tasks Удалено 0 просроченных кодов подтверждения
2025-04-02 22:07:01,676 INFO tasks Удалено 0 просроченных кодов подтверждения
2025-04-02 22:12:01,677 INFO tasks Удалено 0 просроченных кодов подтверждения
2025-04-02 22:17:01,679 INFO tasks Удалено 0 просроченных кодов подтверждения
2025-04-02 22:22:01,682 INFO tasks Удалено 0 просроченных кодов подтверждения
2025-04-02 22:27:01,680 INFO tasks Удалено 0 просроченных кодов подтверждения
2025-04-02 22:32:01,684 INFO tasks Удалено 0 просроченных кодов подтверждения
2025-04-02 22:37:01,684 INFO tasks Удалено 0 просроченных кодов подтверждения
2025-04-02 22:42:01,683 INFO tasks Удалено 0 просроченных кодов подтверждения
2025-04-02 22:47:01,692 INFO tasks Удалено 0 просроченных кодов подтверждения
2025-04-02 22:52:01,686 INFO tasks Удалено 0 просроченных кодов подтверждения
2025-04-02 22:57:01,690 INFO tasks Удалено 0 просроченных кодов подтверждения
2025-04-02 23:02:01,686 INFO tasks Удалено 0 просроченных кодов подтверждения
2025-04-02 23:07:01,686 INFO tasks Удалено 0 просроченных кодов подтверждения
2025-04-02 23:12:01,684 INFO tasks Удалено 0 просроченных кодов подтверждения
2025-04-02 23:17:01,688 INFO tasks Удалено 0 просроченных кодов подтверждения
2025-04-02 23:22:01,690 INFO tasks Удалено 0 просроченных кодов подтверждения
2025-04-02 23:27:01,689 INFO tasks Удалено 0 просроченных кодов подтверждения
2025-04-02 23:32:01,689 INFO tasks Удалено 0 просроченных кодов подтверждения
2025-04-02 23:37:01,690 INFO tasks Удалено 0 просроченных кодов подтверждения
2025-04-02 23:42:01,693 INFO tasks Удалено 0 просроченных кодов подтверждения
2025-04-02 23:47:01,688 INFO tasks Удалено 0 просроченных кодов подтверждения
2025-04-02 23:52:01,691 INFO tasks Удалено 0 просроченных кодов подтверждения
2025-04-02 23:57:01,698 INFO tasks Удалено 0 просроченных кодов подтверждения
2025-04-03 00:02:01,691 INFO tasks Удалено 0 просроченных кодов подтверждения
2025-04-03 00:07:01,689 INFO tasks Удалено 0 просроченных кодов подтверждения
2025-04-03 00:12:01,690 INFO tasks Удалено 0 просроченных кодов подтверждения
2025-04-03 00:17:01,691 INFO tasks Удалено 0 просроченных кодов подтверждения
2025-04-03 00:22:01,693 INFO tasks Удалено 0 просроченных кодов подтверждения
2025-04-03 00:27:01,693 INFO tasks Удалено 0 просроченных кодов подтверждения
2025-04-03 00:32:01,695 INFO tasks Удалено 0 просроченных кодов подтверждения
2025-04-03 00:37:01,700 INFO tasks Удалено 0 просроченных кодов подтверждения
2025-04-03 00:42:01,702 INFO tasks Удалено 0 просроченных кодов подтверждения
2025-04-03 00:47:01,693 INFO tasks Удалено 0 просроченных кодов подтверждения
2025-04-03 00:52:01,696 INFO tasks Удалено 0 просроченных кодов подтверждения
2025-04-03 00:57:01,694 INFO tasks Удалено 0 просроченных кодов подтверждения
2025-04-03 01:02:01,699 INFO tasks Удалено 0 просроченных кодов подтверждения
2025-04-03 01:07:01,697 INFO tasks Удалено 0 просроченных кодов подтверждения
2025-04-03 01:12:01,697 INFO tasks Удалено 0 просроченных кодов подтверждения
2025-04-03 01:17:01,696 INFO tasks Удалено 0 просроченных кодов подтверждения
2025-04-03 01:22:01,695 INFO tasks Удалено 0 просроченных кодов подтверждения
2025-04-03 01:27:01,698 INFO tasks Удалено 0 просроченных кодов подтверждения
2025-04-03 01:32:01,704 INFO tasks Удалено 0 просроченных кодов подтверждения
2025-04-03 01:37:01,699 INFO tasks Удалено 0 просроченных кодов подтверждения
2025-04-03 01:42:01,703 INFO tasks Удалено 0 просроченных кодов подтверждения
2025-04-03 01:47:01,698 INFO tasks Удалено 0 просроченных кодов подтверждения
2025-04-03 01:52:01,700 INFO tasks Удалено 0 просроченных кодов подтверждения
2025-04-03 01:57:01,706 INFO tasks Удалено 0 просроченных кодов подтверждения
2025-04-03 02:02:01,704 INFO tasks Удалено 0 просроченных кодов подтверждения
2025-04-03 02:07:01,702 INFO tasks Удалено 0 просроченных кодов подтверждения
2025-04-03 02:12:01,709 INFO tasks Удалено 0 просроченных кодов подтверждения
2025-04-03 02:17:01,702 INFO tasks Удалено 0 просроченных кодов подтверждения
2025-04-03 02:22:01,701 INFO tasks Удалено 0 просроченных кодов подтверждения
2025-04-03 02:27:01,704 INFO tasks Удалено 0 просроченных кодов подтверждения
2025-04-03 02:32:01,709 INFO tasks Удалено 0 просроченных кодов подтверждения
2025-04-03 02:37:01,709 INFO tasks Удалено 0 просроченных кодов подтверждения
2025-04-03 02:42:01,706 INFO tasks Удалено 0 просроченных кодов подтверждения
2025-04-03 02:47:01,704 INFO tasks Удалено 0 просроченных кодов подтверждения
2025-04-03 02:52:01,704 INFO tasks Удалено 0 просроченных кодов подтверждения
2025-04-03 02:57:01,710 INFO tasks Удалено 0 просроченных кодов подтверждения
2025-04-03 03:02:01,711 INFO tasks Удалено 0 просроченных кодов подтверждения
2025-04-03 03:07:01,712 INFO tasks Удалено 0 просроченных кодов подтверждения
2025-04-03 03:12:01,714 INFO tasks Удалено 0 просроченных кодов подтверждения
2025-04-03 03:31:21,221 INFO tasks Удалено 0 просроченных кодов подтверждения
2025-04-03 03:36:21,221 INFO tasks Удалено 0 просроченных кодов подтверждения
2025-04-03 03:41:21,221 INFO tasks Удалено 0 просроченных кодов подтверждения
